[ INFO ] [2018-10-09 10:21:33] com.github.ontio.DemoApplicationTests [50] - Starting DemoApplicationTests on DESKTOP-RBHC9GE with PID 18088 (started by DELL in C:\WORK_ONCHAIN\ontology_projects\Explorer)
[ DEBUG] [2018-10-09 10:21:33] com.github.ontio.DemoApplicationTests [53] - Running with Spring Boot v2.0.3.RELEASE, Spring v5.0.7.RELEASE
[ INFO ] [2018-10-09 10:21:33] com.github.ontio.DemoApplicationTests [663] - The following profiles are active: uat
[ INFO ] [2018-10-09 10:21:33] org.springframework.web.context.support.GenericWebApplicationContext [590] - Refreshing org.springframework.web.context.support.GenericWebApplicationContext@3697186: startup date [Tue Oct 09 10:21:33 CST 2018]; root of context hierarchy
[ WARN ] [2018-10-09 10:21:34] org.mybatis.spring.mapper.ClassPathMapperScanner [239] - Skipping MapperFactoryBean with name 'BlockMapper' and 'com.github.ontio.dao.BlockMapper' mapperInterface. Bean already defined with the same name!
[ WARN ] [2018-10-09 10:21:34] org.mybatis.spring.mapper.ClassPathMapperScanner [239] - Skipping MapperFactoryBean with name 'CurrentMapper' and 'com.github.ontio.dao.CurrentMapper' mapperInterface. Bean already defined with the same name!
[ WARN ] [2018-10-09 10:21:34] org.mybatis.spring.mapper.ClassPathMapperScanner [239] - Skipping MapperFactoryBean with name 'OntIdMapper' and 'com.github.ontio.dao.OntIdMapper' mapperInterface. Bean already defined with the same name!
[ WARN ] [2018-10-09 10:21:34] org.mybatis.spring.mapper.ClassPathMapperScanner [239] - Skipping MapperFactoryBean with name 'TransactionDetailMapper' and 'com.github.ontio.dao.TransactionDetailMapper' mapperInterface. Bean already defined with the same name!
[ WARN ] [2018-10-09 10:21:34] org.mybatis.spring.mapper.ClassPathMapperScanner [166] - No MyBatis mapper was found in '[com.github.ontio.dao]' package. Please check your configuration.
[ WARN ] [2018-10-09 10:21:34] org.mybatis.spring.mapper.ClassPathMapperScanner [239] - Skipping MapperFactoryBean with name 'BlockMapper' and 'com.github.ontio.dao.BlockMapper' mapperInterface. Bean already defined with the same name!
[ WARN ] [2018-10-09 10:21:34] org.mybatis.spring.mapper.ClassPathMapperScanner [239] - Skipping MapperFactoryBean with name 'CurrentMapper' and 'com.github.ontio.dao.CurrentMapper' mapperInterface. Bean already defined with the same name!
[ WARN ] [2018-10-09 10:21:34] org.mybatis.spring.mapper.ClassPathMapperScanner [239] - Skipping MapperFactoryBean with name 'OntIdMapper' and 'com.github.ontio.dao.OntIdMapper' mapperInterface. Bean already defined with the same name!
[ WARN ] [2018-10-09 10:21:34] org.mybatis.spring.mapper.ClassPathMapperScanner [239] - Skipping MapperFactoryBean with name 'TransactionDetailMapper' and 'com.github.ontio.dao.TransactionDetailMapper' mapperInterface. Bean already defined with the same name!
[ WARN ] [2018-10-09 10:21:34] org.mybatis.spring.mapper.ClassPathMapperScanner [166] - No MyBatis mapper was found in '[com.github.ontio.dao]' package. Please check your configuration.
[ INFO ] [2018-10-09 10:21:34] org.springframework.data.repository.config.RepositoryConfigurationDelegate [163] - Multiple Spring Data modules found, entering strict repository configuration mode!
[ INFO ] [2018-10-09 10:21:35] org.springframework.context.support.PostProcessorRegistrationDelegate$BeanPostProcessorChecker [328] - Bean 'org.springframework.ws.config.annotation.DelegatingWsConfiguration' of type [org.springframework.ws.config.annotation.DelegatingWsConfiguration$$EnhancerBySpringCGLIB$$6548806b] is not eligible for getting processed by all BeanPostProcessors (for example: not eligible for auto-proxying)
[ INFO ] [2018-10-09 10:21:35] org.springframework.ws.soap.addressing.server.AnnotationActionEndpointMapping [236] - Supporting [WS-Addressing August 2004, WS-Addressing 1.0]
[ INFO ] [2018-10-09 10:21:35] org.springframework.context.support.PostProcessorRegistrationDelegate$BeanPostProcessorChecker [328] - Bean 'org.springframework.transaction.annotation.ProxyTransactionManagementConfiguration' of type [org.springframework.transaction.annotation.ProxyTransactionManagementConfiguration$$EnhancerBySpringCGLIB$$c0b0bb6c] is not eligible for getting processed by all BeanPostProcessors (for example: not eligible for auto-proxying)
[ INFO ] [2018-10-09 10:21:36] com.github.ontio.RedisConfig [37] - **********redisTemplate**************
[ INFO ] [2018-10-09 10:21:36] com.github.ontio.ExplorerRedisCache [37] - ##init ExplorerRedisCache, Cache id:com.github.ontio.dao.BlockMapper##
[ INFO ] [2018-10-09 10:21:36] com.github.ontio.ExplorerRedisCache [50] - ##get Redis Cache Id:com.github.ontio.dao.BlockMapper##
[ INFO ] [2018-10-09 10:21:36] com.github.ontio.ExplorerRedisCache [50] - ##get Redis Cache Id:com.github.ontio.dao.BlockMapper##
[ INFO ] [2018-10-09 10:21:36] com.github.ontio.ExplorerRedisCache [37] - ##init ExplorerRedisCache, Cache id:com.github.ontio.dao.CurrentMapper##
[ INFO ] [2018-10-09 10:21:36] com.github.ontio.ExplorerRedisCache [50] - ##get Redis Cache Id:com.github.ontio.dao.CurrentMapper##
[ INFO ] [2018-10-09 10:21:36] com.github.ontio.ExplorerRedisCache [50] - ##get Redis Cache Id:com.github.ontio.dao.CurrentMapper##
[ INFO ] [2018-10-09 10:21:36] com.github.ontio.ExplorerRedisCache [37] - ##init ExplorerRedisCache, Cache id:com.github.ontio.dao.OntIdMapper##
[ INFO ] [2018-10-09 10:21:36] com.github.ontio.ExplorerRedisCache [50] - ##get Redis Cache Id:com.github.ontio.dao.OntIdMapper##
[ INFO ] [2018-10-09 10:21:36] com.github.ontio.ExplorerRedisCache [50] - ##get Redis Cache Id:com.github.ontio.dao.OntIdMapper##
[ INFO ] [2018-10-09 10:21:36] com.github.ontio.ExplorerRedisCache [37] - ##init ExplorerRedisCache, Cache id:com.github.ontio.dao.TransactionDetailMapper##
[ INFO ] [2018-10-09 10:21:36] com.github.ontio.ExplorerRedisCache [50] - ##get Redis Cache Id:com.github.ontio.dao.TransactionDetailMapper##
[ INFO ] [2018-10-09 10:21:36] com.github.ontio.ExplorerRedisCache [50] - ##get Redis Cache Id:com.github.ontio.dao.TransactionDetailMapper##
[ INFO ] [2018-10-09 10:21:36] com.github.ontio.ExplorerRedisCache [45] - ##init ExplorerRedisCache with default Cache id:defaultrediscacheid001##
[ INFO ] [2018-10-09 10:21:37] org.springframework.web.servlet.handler.SimpleUrlHandlerMapping [373] - Mapped URL path [/**/favicon.ico] onto handler of type [class org.springframework.web.servlet.resource.ResourceHttpRequestHandler]
[ INFO ] [2018-10-09 10:21:37] org.springframework.web.servlet.mvc.method.annotation.RequestMappingHandlerAdapter [574] - Looking for @ControllerAdvice: org.springframework.web.context.support.GenericWebApplicationContext@3697186: startup date [Tue Oct 09 10:21:33 CST 2018]; root of context hierarchy
[ INFO ] [2018-10-09 10:21:37] org.springframework.web.servlet.mvc.method.annotation.RequestMappingHandlerMapping [547] - Mapped "{[/api/v1/explorer/test],methods=[POST]}" onto public com.github.ontio.paramBean.Result com.github.ontio.controller.BlockController.test(java.lang.String)
[ INFO ] [2018-10-09 10:21:37] org.springframework.web.servlet.mvc.method.annotation.RequestMappingHandlerMapping [547] - Mapped "{[/api/v1/explorer/blocklist/{amount}],methods=[GET]}" onto public com.github.ontio.paramBean.Result com.github.ontio.controller.BlockController.queryBlockList(int)
[ INFO ] [2018-10-09 10:21:38] org.springframework.web.servlet.mvc.method.annotation.RequestMappingHandlerMapping [547] - Mapped "{[/api/v1/explorer/blocklist/{pagesize}/{pagenumber}],methods=[GET]}" onto public com.github.ontio.paramBean.Result com.github.ontio.controller.BlockController.queryBlockByPage(java.lang.Integer,java.lang.Integer)
[ INFO ] [2018-10-09 10:21:38] org.springframework.web.servlet.mvc.method.annotation.RequestMappingHandlerMapping [547] - Mapped "{[/api/v1/explorer/block/{param}],methods=[GET]}" onto public com.github.ontio.paramBean.Result com.github.ontio.controller.BlockController.queryBlock(java.lang.String)
[ INFO ] [2018-10-09 10:21:38] org.springframework.web.servlet.mvc.method.annotation.RequestMappingHandlerMapping [547] - Mapped "{[/api/v1/explorer/block/generatetime/{amount}],methods=[GET]}" onto public com.github.ontio.paramBean.Result com.github.ontio.controller.BlockController.queryBlockGenerateTime(int)
[ INFO ] [2018-10-09 10:21:38] org.springframework.web.servlet.mvc.method.annotation.RequestMappingHandlerMapping [547] - Mapped "{[/api/v1/explorer/detection],methods=[GET]}" onto public java.lang.String com.github.ontio.controller.CurrentController.detection()
[ INFO ] [2018-10-09 10:21:38] org.springframework.web.servlet.mvc.method.annotation.RequestMappingHandlerMapping [547] - Mapped "{[/api/v1/explorer/summary],methods=[GET]}" onto public com.github.ontio.paramBean.Result com.github.ontio.controller.CurrentController.querySummaryInfo()
[ INFO ] [2018-10-09 10:21:38] org.springframework.web.servlet.mvc.method.annotation.RequestMappingHandlerMapping [547] - Mapped "{[/api/v1/explorer/ontidlist/{amount}],methods=[GET]}" onto public com.github.ontio.paramBean.Result com.github.ontio.controller.OntIdController.queryOntIdList(int)
[ INFO ] [2018-10-09 10:21:38] org.springframework.web.servlet.mvc.method.annotation.RequestMappingHandlerMapping [547] - Mapped "{[/api/v1/explorer/ontid/{ontid}/{pagesize}/{pagenumber}],methods=[GET]}" onto public com.github.ontio.paramBean.Result com.github.ontio.controller.OntIdController.queryOntIdDetail(java.lang.String,int,int)
[ INFO ] [2018-10-09 10:21:38] org.springframework.web.servlet.mvc.method.annotation.RequestMappingHandlerMapping [547] - Mapped "{[/api/v1/explorer/ontidlist/{pagesize}/{pagenumber}],methods=[GET]}" onto public com.github.ontio.paramBean.Result com.github.ontio.controller.OntIdController.queryOntIdListByPage(int,int)
[ INFO ] [2018-10-09 10:21:38] org.springframework.web.servlet.mvc.method.annotation.RequestMappingHandlerMapping [547] - Mapped "{[/api/v1/explorer/transactionlist/{pagesize}/{pagenumber}],methods=[GET]}" onto public com.github.ontio.paramBean.Result com.github.ontio.controller.TransactionController.queryTxn(java.lang.Integer,java.lang.Integer)
[ INFO ] [2018-10-09 10:21:38] org.springframework.web.servlet.mvc.method.annotation.RequestMappingHandlerMapping [547] - Mapped "{[/api/v1/explorer/transaction/{txnhash}],methods=[GET]}" onto public com.github.ontio.paramBean.Result com.github.ontio.controller.TransactionController.queryTxnByHash(java.lang.String)
[ INFO ] [2018-10-09 10:21:38] org.springframework.web.servlet.mvc.method.annotation.RequestMappingHandlerMapping [547] - Mapped "{[/api/v1/explorer/address/{address}/{assetname}/{pagesize}/{pagenumber}],methods=[GET]}" onto public com.github.ontio.paramBean.Result com.github.ontio.controller.TransactionController.queryAddressInfo(java.lang.String,int,int,java.lang.String)
[ INFO ] [2018-10-09 10:21:38] org.springframework.web.servlet.mvc.method.annotation.RequestMappingHandlerMapping [547] - Mapped "{[/api/v1/explorer/address/{address}/{pagesize}/{pagenumber}],methods=[GET]}" onto public com.github.ontio.paramBean.Result com.github.ontio.controller.TransactionController.queryAddressInfo(java.lang.String,int,int)
[ INFO ] [2018-10-09 10:21:38] org.springframework.web.servlet.mvc.method.annotation.RequestMappingHandlerMapping [547] - Mapped "{[/api/v1/explorer/address/list],methods=[GET]}" onto public com.github.ontio.paramBean.Result com.github.ontio.controller.TransactionController.queryAddressList()
[ INFO ] [2018-10-09 10:21:38] org.springframework.web.servlet.mvc.method.annotation.RequestMappingHandlerMapping [547] - Mapped "{[/api/v1/explorer/transactionlist/{amount}],methods=[GET]}" onto public com.github.ontio.paramBean.Result com.github.ontio.controller.TransactionController.queryTransactionList(int)
[ INFO ] [2018-10-09 10:21:38] org.springframework.web.servlet.mvc.method.annotation.RequestMappingHandlerMapping [547] - Mapped "{[/api/v1/explorer/address/balance/{address}],methods=[GET]}" onto public com.github.ontio.paramBean.Result com.github.ontio.controller.TransactionController.queryAddressBalance(java.lang.String)
[ INFO ] [2018-10-09 10:21:38] org.springframework.web.servlet.mvc.method.annotation.RequestMappingHandlerMapping [547] - Mapped "{[/api/v1/explorer/address/time/{address}/{assetname}/{begintime}],methods=[GET]}" onto public com.github.ontio.paramBean.Result com.github.ontio.controller.TransactionController.queryAddressInfoByTime2(java.lang.String,int,java.lang.String)
[ INFO ] [2018-10-09 10:21:38] org.springframework.web.servlet.mvc.method.annotation.RequestMappingHandlerMapping [547] - Mapped "{[/api/v1/explorer/address/time/{address}/{assetname}/{begintime}/{endtime}],methods=[GET]}" onto public com.github.ontio.paramBean.Result com.github.ontio.controller.TransactionController.queryAddressInfoByTime(java.lang.String,int,java.lang.String,int)
[ INFO ] [2018-10-09 10:21:38] org.springframework.web.servlet.mvc.method.annotation.RequestMappingHandlerMapping [547] - Mapped "{[/api/v1/explorer/address/timeandpage/{address}/{assetname}/{pagesize}/{endtime}],methods=[GET]}" onto public com.github.ontio.paramBean.Result com.github.ontio.controller.TransactionController.queryAddressInfoByTimeAndPage(java.lang.String,int,java.lang.String,int)
[ INFO ] [2018-10-09 10:21:38] org.springframework.web.servlet.mvc.method.annotation.RequestMappingHandlerMapping [547] - Mapped "{[/error]}" onto public org.springframework.http.ResponseEntity<java.util.Map<java.lang.String, java.lang.Object>> org.springframework.boot.autoconfigure.web.servlet.error.BasicErrorController.error(javax.servlet.http.HttpServletRequest)
[ INFO ] [2018-10-09 10:21:38] org.springframework.web.servlet.mvc.method.annotation.RequestMappingHandlerMapping [547] - Mapped "{[/error],produces=[text/html]}" onto public org.springframework.web.servlet.ModelAndView org.springframework.boot.autoconfigure.web.servlet.error.BasicErrorController.errorHtml(javax.servlet.http.HttpServletRequest,javax.servlet.http.HttpServletResponse)
[ INFO ] [2018-10-09 10:21:38] org.springframework.web.servlet.handler.SimpleUrlHandlerMapping [373] - Mapped URL path [/webjars/**] onto handler of type [class org.springframework.web.servlet.resource.ResourceHttpRequestHandler]
[ INFO ] [2018-10-09 10:21:38] org.springframework.web.servlet.handler.SimpleUrlHandlerMapping [373] - Mapped URL path [/**] onto handler of type [class org.springframework.web.servlet.resource.ResourceHttpRequestHandler]
[ INFO ] [2018-10-09 10:21:39] com.github.ontio.DemoApplicationTests [59] - Started DemoApplicationTests in 6.273 seconds (JVM running for 7.766)
[ INFO ] [2018-10-09 10:21:39] org.springframework.boot.test.context.SpringBootTestContextBootstrapper [308] - Neither @ContextConfiguration nor @ContextHierarchy found for test class [com.github.ontio.RedisTests], using SpringBootContextLoader
[ INFO ] [2018-10-09 10:21:39] org.springframework.test.context.support.AbstractContextLoader [264] - Could not detect default resource locations for test class [com.github.ontio.RedisTests]: no resource found for suffixes {-context.xml, Context.groovy}.
[ INFO ] [2018-10-09 10:21:39] org.springframework.test.context.support.AnnotationConfigContextLoaderUtils [83] - Could not detect default configuration classes for test class [com.github.ontio.RedisTests]: RedisTests does not declare any static, non-private, non-final, nested classes annotated with @Configuration.
[ INFO ] [2018-10-09 10:21:39] org.springframework.boot.test.context.SpringBootTestContextBootstrapper [244] - Found @SpringBootConfiguration com.github.ontio.ExplorerApplication for test class com.github.ontio.RedisTests
[ INFO ] [2018-10-09 10:21:39] org.springframework.boot.test.context.SpringBootTestContextBootstrapper [248] - Loaded default TestExecutionListener class names from location [META-INF/spring.factories]: [org.springframework.boot.test.mock.mockito.MockitoTestExecutionListener, org.springframework.boot.test.mock.mockito.ResetMocksTestExecutionListener, org.springframework.boot.test.autoconfigure.restdocs.RestDocsTestExecutionListener, org.springframework.boot.test.autoconfigure.web.client.MockRestServiceServerResetTestExecutionListener, org.springframework.boot.test.autoconfigure.web.servlet.MockMvcPrintOnlyOnFailureTestExecutionListener, org.springframework.boot.test.autoconfigure.web.servlet.WebDriverTestExecutionListener, org.springframework.test.context.web.ServletTestExecutionListener, org.springframework.test.context.support.DirtiesContextBeforeModesTestExecutionListener, org.springframework.test.context.support.DependencyInjectionTestExecutionListener, org.springframework.test.context.support.DirtiesContextTestExecutionListener, org.springframework.test.context.transaction.TransactionalTestExecutionListener, org.springframework.test.context.jdbc.SqlScriptsTestExecutionListener]
[ INFO ] [2018-10-09 10:21:39] org.springframework.boot.test.context.SpringBootTestContextBootstrapper [177] - Using TestExecutionListeners: [org.springframework.test.context.web.ServletTestExecutionListener@5af5d76f, org.springframework.test.context.support.DirtiesContextBeforeModesTestExecutionListener@3a8cea24, org.springframework.boot.test.mock.mockito.MockitoTestExecutionListener@1eb9a3ef, org.springframework.boot.test.autoconfigure.SpringBootDependencyInjectionTestExecutionListener@5d318e91, org.springframework.test.context.support.DirtiesContextTestExecutionListener@298b64f7, org.springframework.test.context.transaction.TransactionalTestExecutionListener@740b6628, org.springframework.test.context.jdbc.SqlScriptsTestExecutionListener@27fe059d, org.springframework.boot.test.mock.mockito.ResetMocksTestExecutionListener@766a52f5, org.springframework.boot.test.autoconfigure.restdocs.RestDocsTestExecutionListener@4342c13, org.springframework.boot.test.autoconfigure.web.client.MockRestServiceServerResetTestExecutionListener@2ba1209b, org.springframework.boot.test.autoconfigure.web.servlet.MockMvcPrintOnlyOnFailureTestExecutionListener@7c241a9f, org.springframework.boot.test.autoconfigure.web.servlet.WebDriverTestExecutionListener@58fd1214]
[ INFO ] [2018-10-09 10:21:39] com.github.ontio.ExplorerRedisCache [65] - ##getObject. key:301241118:251842353:com.github.ontio.dao.BlockMapper.selectBlockByPage:0:2147483647:select Height, Hash, PrevBlock, NextBlock, TxnsRoot, BlockTime, ConsensusData, BookKeeper, TxnNum, BlockSize
    from tbl_ont_block
    order by height DESC
    limit ?, ?:0:10:SqlSessionFactoryBean##
[ INFO ] [2018-10-09 10:21:39] io.lettuce.core.EpollProvider [101] - Starting without optional epoll library
[ INFO ] [2018-10-09 10:21:39] io.lettuce.core.KqueueProvider [101] - Starting without optional kqueue library
[ INFO ] [2018-10-09 10:21:40] com.github.ontio.ExplorerRedisCache [50] - ##get Redis Cache Id:com.github.ontio.dao.BlockMapper##
[ DEBUG] [2018-10-09 10:21:40] com.github.ontio.dao.BlockMapper [62] - Cache Hit Ratio [com.github.ontio.dao.BlockMapper]: 0.0
[ INFO ] [2018-10-09 10:21:40] com.zaxxer.hikari.HikariDataSource [110] - HikariPool-1 - Starting...
[ INFO ] [2018-10-09 10:21:40] com.zaxxer.hikari.HikariDataSource [123] - HikariPool-1 - Start completed.
[ DEBUG] [2018-10-09 10:21:40] dao.com.github.ontio.dao.BlockMapper.selectBlockByPage [159] - ==>  Preparing: select Height, Hash, PrevBlock, NextBlock, TxnsRoot, BlockTime, ConsensusData, BookKeeper, TxnNum, BlockSize from tbl_ont_block order by height DESC limit ?, ? 
[ DEBUG] [2018-10-09 10:21:40] dao.com.github.ontio.dao.BlockMapper.selectBlockByPage [159] - ==> Parameters: 0(Integer), 10(Integer)
[ DEBUG] [2018-10-09 10:21:40] dao.com.github.ontio.dao.BlockMapper.selectBlockByPage [159] - <==      Total: 10
[ DEBUG] [2018-10-09 10:21:40] com.github.ontio.RedisTests [41] - [{"PrevBlock":"0a1e554f20bb88e19b41abe454f730540f806977f71cf75a7a31cfa07b1cad02","TxnsRoot":"0000000000000000000000000000000000000000000000000000000000000000","BlockTime":1538214996,"NextBlock":"","BookKeeper":"ALZVrZrFqoSvqyi38n7mpPoeDp7DMtZ9b6&ALZVrZrFqoSvqyi38n7mpPoeDp7DMtZ9b6&AKEqQKmxCsjWJz8LPGryXzb6nN5fkK1WDY&AY5W6p4jHeZG2jjW6nS1p4KDUhcqLkU6jz&AMogjmLf2QohTcGST7niV75ekZfj44SKme&AQNpGWz4oHHFBejtBbakeR43DHfen7cm8L","TxnNum":0,"Height":281040,"Hash":"e9a9a46fbf4d0184706e05c989fcb8e4fd917938840d60a57e19a8379f31af6e","ConsensusData":"17674978129484948163","BlockSize":1012},{"PrevBlock":"0a32623fd6d63a29ceb4663f979f16741aa8e00e43996417497cbd5e914c5514","TxnsRoot":"0000000000000000000000000000000000000000000000000000000000000000","BlockTime":1538214966,"NextBlock":"e9a9a46fbf4d0184706e05c989fcb8e4fd917938840d60a57e19a8379f31af6e","BookKeeper":"AZzQTkZvjy7ih9gjvwU8KYiZZyNoy6jE9p&ALZVrZrFqoSvqyi38n7mpPoeDp7DMtZ9b6&AQNpGWz4oHHFBejtBbakeR43DHfen7cm8L&AY5W6p4jHeZG2jjW6nS1p4KDUhcqLkU6jz&AKEqQKmxCsjWJz8LPGryXzb6nN5fkK1WDY&AMogjmLf2QohTcGST7niV75ekZfj44SKme","TxnNum":0,"Height":281039,"Hash":"0a1e554f20bb88e19b41abe454f730540f806977f71cf75a7a31cfa07b1cad02","ConsensusData":"15291960964546298811","BlockSize":1012},{"PrevBlock":"f8731c069a97b02fbecc9e3fb43238d1d748208f8c052e692d3dc048bd569ef5","TxnsRoot":"0000000000000000000000000000000000000000000000000000000000000000","BlockTime":1538214936,"NextBlock":"0a1e554f20bb88e19b41abe454f730540f806977f71cf75a7a31cfa07b1cad02","BookKeeper":"AY5W6p4jHeZG2jjW6nS1p4KDUhcqLkU6jz&AKEqQKmxCsjWJz8LPGryXzb6nN5fkK1WDY&ALZVrZrFqoSvqyi38n7mpPoeDp7DMtZ9b6&AY5W6p4jHeZG2jjW6nS1p4KDUhcqLkU6jz&AMogjmLf2QohTcGST7niV75ekZfj44SKme","TxnNum":0,"Height":281038,"Hash":"0a32623fd6d63a29ceb4663f979f16741aa8e00e43996417497cbd5e914c5514","ConsensusData":"8045006295046889900","BlockSize":913},{"PrevBlock":"d028721d86308694950bd7f78e774cca7874f4239c17792a6ee1592335160e04","TxnsRoot":"0000000000000000000000000000000000000000000000000000000000000000","BlockTime":1538214906,"NextBlock":"0a32623fd6d63a29ceb4663f979f16741aa8e00e43996417497cbd5e914c5514","BookKeeper":"AQNpGWz4oHHFBejtBbakeR43DHfen7cm8L&AY5W6p4jHeZG2jjW6nS1p4KDUhcqLkU6jz&AQNpGWz4oHHFBejtBbakeR43DHfen7cm8L&ALZVrZrFqoSvqyi38n7mpPoeDp7DMtZ9b6&AZzQTkZvjy7ih9gjvwU8KYiZZyNoy6jE9p","TxnNum":0,"Height":281037,"Hash":"f8731c069a97b02fbecc9e3fb43238d1d748208f8c052e692d3dc048bd569ef5","ConsensusData":"150799748540428095","BlockSize":913},{"PrevBlock":"61ad6707affad122305349a9c5964644103b6381457fb62518d33bf1bd9459e7","TxnsRoot":"0000000000000000000000000000000000000000000000000000000000000000","BlockTime":1538214876,"NextBlock":"f8731c069a97b02fbecc9e3fb43238d1d748208f8c052e692d3dc048bd569ef5","BookKeeper":"AMogjmLf2QohTcGST7niV75ekZfj44SKme&AMogjmLf2QohTcGST7niV75ekZfj44SKme&AZzQTkZvjy7ih9gjvwU8KYiZZyNoy6jE9p&ALZVrZrFqoSvqyi38n7mpPoeDp7DMtZ9b6","TxnNum":0,"Height":281036,"Hash":"d028721d86308694950bd7f78e774cca7874f4239c17792a6ee1592335160e04","ConsensusData":"15383739311708829031","BlockSize":814},{"PrevBlock":"769cad65ce67863c57bb9e5d80428117e999391efc047cbfe92f4e62cadd52b7","TxnsRoot":"0000000000000000000000000000000000000000000000000000000000000000","BlockTime":1538214846,"NextBlock":"d028721d86308694950bd7f78e774cca7874f4239c17792a6ee1592335160e04","BookKeeper":"AMogjmLf2QohTcGST7niV75ekZfj44SKme&AKEqQKmxCsjWJz8LPGryXzb6nN5fkK1WDY&AZzQTkZvjy7ih9gjvwU8KYiZZyNoy6jE9p&ALZVrZrFqoSvqyi38n7mpPoeDp7DMtZ9b6&AMogjmLf2QohTcGST7niV75ekZfj44SKme","TxnNum":0,"Height":281035,"Hash":"61ad6707affad122305349a9c5964644103b6381457fb62518d33bf1bd9459e7","ConsensusData":"4539611474184235586","BlockSize":913},{"PrevBlock":"da24b7b796e0b7f2d071e9a17b88dfd4a9f4bae0cbb305419b11e8cbe14570db","TxnsRoot":"0000000000000000000000000000000000000000000000000000000000000000","BlockTime":1538214816,"NextBlock":"61ad6707affad122305349a9c5964644103b6381457fb62518d33bf1bd9459e7","BookKeeper":"AKEqQKmxCsjWJz8LPGryXzb6nN5fkK1WDY&AY5W6p4jHeZG2jjW6nS1p4KDUhcqLkU6jz&AZzQTkZvjy7ih9gjvwU8KYiZZyNoy6jE9p&AQNpGWz4oHHFBejtBbakeR43DHfen7cm8L&AMogjmLf2QohTcGST7niV75ekZfj44SKme&ALZVrZrFqoSvqyi38n7mpPoeDp7DMtZ9b6","TxnNum":0,"Height":281034,"Hash":"769cad65ce67863c57bb9e5d80428117e999391efc047cbfe92f4e62cadd52b7","ConsensusData":"7331849444502534083","BlockSize":1012},{"PrevBlock":"0c86bcf8e8caf7e90aed71f0ced953f4849669b7b9d0b46426ef2a004f6a7451","TxnsRoot":"0000000000000000000000000000000000000000000000000000000000000000","BlockTime":1538214785,"NextBlock":"769cad65ce67863c57bb9e5d80428117e999391efc047cbfe92f4e62cadd52b7","BookKeeper":"AMogjmLf2QohTcGST7niV75ekZfj44SKme&AZzQTkZvjy7ih9gjvwU8KYiZZyNoy6jE9p&ALZVrZrFqoSvqyi38n7mpPoeDp7DMtZ9b6&AKEqQKmxCsjWJz8LPGryXzb6nN5fkK1WDY&AMogjmLf2QohTcGST7niV75ekZfj44SKme&AY5W6p4jHeZG2jjW6nS1p4KDUhcqLkU6jz","TxnNum":0,"Height":281033,"Hash":"da24b7b796e0b7f2d071e9a17b88dfd4a9f4bae0cbb305419b11e8cbe14570db","ConsensusData":"5258411379620689870","BlockSize":1012},{"PrevBlock":"5d7f0dd914a8762534148a0ce4806252028ff7224cc8f080a06a90c9f5ed2dde","TxnsRoot":"0000000000000000000000000000000000000000000000000000000000000000","BlockTime":1538214755,"NextBlock":"da24b7b796e0b7f2d071e9a17b88dfd4a9f4bae0cbb305419b11e8cbe14570db","BookKeeper":"AKEqQKmxCsjWJz8LPGryXzb6nN5fkK1WDY&ALZVrZrFqoSvqyi38n7mpPoeDp7DMtZ9b6&AKEqQKmxCsjWJz8LPGryXzb6nN5fkK1WDY&AMogjmLf2QohTcGST7niV75ekZfj44SKme&AZzQTkZvjy7ih9gjvwU8KYiZZyNoy6jE9p","TxnNum":0,"Height":281032,"Hash":"0c86bcf8e8caf7e90aed71f0ced953f4849669b7b9d0b46426ef2a004f6a7451","ConsensusData":"2192879251338668277","BlockSize":913},{"PrevBlock":"00842dd73b82663516adf75cc5b802706f996dc9385a9954dffdb85b73281177","TxnsRoot":"0000000000000000000000000000000000000000000000000000000000000000","BlockTime":1538214725,"NextBlock":"0c86bcf8e8caf7e90aed71f0ced953f4849669b7b9d0b46426ef2a004f6a7451","BookKeeper":"AKEqQKmxCsjWJz8LPGryXzb6nN5fkK1WDY&ALZVrZrFqoSvqyi38n7mpPoeDp7DMtZ9b6&AMogjmLf2QohTcGST7niV75ekZfj44SKme&AZzQTkZvjy7ih9gjvwU8KYiZZyNoy6jE9p","TxnNum":0,"Height":281031,"Hash":"5d7f0dd914a8762534148a0ce4806252028ff7224cc8f080a06a90c9f5ed2dde","ConsensusData":"6577145623799730007","BlockSize":814}]
[ INFO ] [2018-10-09 10:21:40] org.springframework.web.context.support.GenericWebApplicationContext [993] - Closing org.springframework.web.context.support.GenericWebApplicationContext@3697186: startup date [Tue Oct 09 10:21:33 CST 2018]; root of context hierarchy
[ INFO ] [2018-10-09 10:21:41] com.zaxxer.hikari.HikariDataSource [381] - HikariPool-1 - Shutdown initiated...
[ INFO ] [2018-10-09 10:21:41] com.zaxxer.hikari.HikariDataSource [383] - HikariPool-1 - Shutdown completed.
[ INFO ] [2018-10-09 11:02:19] com.github.ontio.DemoApplicationTests [50] - Starting DemoApplicationTests on DESKTOP-RBHC9GE with PID 14480 (started by DELL in C:\WORK_ONCHAIN\ontology_projects\Explorer)
[ DEBUG] [2018-10-09 11:02:19] com.github.ontio.DemoApplicationTests [53] - Running with Spring Boot v2.0.3.RELEASE, Spring v5.0.7.RELEASE
[ INFO ] [2018-10-09 11:02:19] com.github.ontio.DemoApplicationTests [663] - The following profiles are active: uat
[ INFO ] [2018-10-09 11:02:19] org.springframework.web.context.support.GenericWebApplicationContext [590] - Refreshing org.springframework.web.context.support.GenericWebApplicationContext@36cda2c2: startup date [Tue Oct 09 11:02:19 CST 2018]; root of context hierarchy
[ WARN ] [2018-10-09 11:02:21] org.mybatis.spring.mapper.ClassPathMapperScanner [239] - Skipping MapperFactoryBean with name 'BlockMapper' and 'com.github.ontio.dao.BlockMapper' mapperInterface. Bean already defined with the same name!
[ WARN ] [2018-10-09 11:02:21] org.mybatis.spring.mapper.ClassPathMapperScanner [239] - Skipping MapperFactoryBean with name 'CurrentMapper' and 'com.github.ontio.dao.CurrentMapper' mapperInterface. Bean already defined with the same name!
[ WARN ] [2018-10-09 11:02:21] org.mybatis.spring.mapper.ClassPathMapperScanner [239] - Skipping MapperFactoryBean with name 'OntIdMapper' and 'com.github.ontio.dao.OntIdMapper' mapperInterface. Bean already defined with the same name!
[ WARN ] [2018-10-09 11:02:21] org.mybatis.spring.mapper.ClassPathMapperScanner [239] - Skipping MapperFactoryBean with name 'TransactionDetailMapper' and 'com.github.ontio.dao.TransactionDetailMapper' mapperInterface. Bean already defined with the same name!
[ WARN ] [2018-10-09 11:02:21] org.mybatis.spring.mapper.ClassPathMapperScanner [166] - No MyBatis mapper was found in '[com.github.ontio.dao]' package. Please check your configuration.
[ WARN ] [2018-10-09 11:02:21] org.mybatis.spring.mapper.ClassPathMapperScanner [239] - Skipping MapperFactoryBean with name 'BlockMapper' and 'com.github.ontio.dao.BlockMapper' mapperInterface. Bean already defined with the same name!
[ WARN ] [2018-10-09 11:02:21] org.mybatis.spring.mapper.ClassPathMapperScanner [239] - Skipping MapperFactoryBean with name 'CurrentMapper' and 'com.github.ontio.dao.CurrentMapper' mapperInterface. Bean already defined with the same name!
[ WARN ] [2018-10-09 11:02:21] org.mybatis.spring.mapper.ClassPathMapperScanner [239] - Skipping MapperFactoryBean with name 'OntIdMapper' and 'com.github.ontio.dao.OntIdMapper' mapperInterface. Bean already defined with the same name!
[ WARN ] [2018-10-09 11:02:21] org.mybatis.spring.mapper.ClassPathMapperScanner [239] - Skipping MapperFactoryBean with name 'TransactionDetailMapper' and 'com.github.ontio.dao.TransactionDetailMapper' mapperInterface. Bean already defined with the same name!
[ WARN ] [2018-10-09 11:02:21] org.mybatis.spring.mapper.ClassPathMapperScanner [166] - No MyBatis mapper was found in '[com.github.ontio.dao]' package. Please check your configuration.
[ INFO ] [2018-10-09 11:02:21] org.springframework.data.repository.config.RepositoryConfigurationDelegate [163] - Multiple Spring Data modules found, entering strict repository configuration mode!
[ INFO ] [2018-10-09 11:02:22] org.springframework.context.support.PostProcessorRegistrationDelegate$BeanPostProcessorChecker [328] - Bean 'org.springframework.ws.config.annotation.DelegatingWsConfiguration' of type [org.springframework.ws.config.annotation.DelegatingWsConfiguration$$EnhancerBySpringCGLIB$$f3f5ad9f] is not eligible for getting processed by all BeanPostProcessors (for example: not eligible for auto-proxying)
[ INFO ] [2018-10-09 11:02:22] org.springframework.ws.soap.addressing.server.AnnotationActionEndpointMapping [236] - Supporting [WS-Addressing August 2004, WS-Addressing 1.0]
[ INFO ] [2018-10-09 11:02:22] org.springframework.context.support.PostProcessorRegistrationDelegate$BeanPostProcessorChecker [328] - Bean 'org.springframework.transaction.annotation.ProxyTransactionManagementConfiguration' of type [org.springframework.transaction.annotation.ProxyTransactionManagementConfiguration$$EnhancerBySpringCGLIB$$4f5de8a0] is not eligible for getting processed by all BeanPostProcessors (for example: not eligible for auto-proxying)
[ INFO ] [2018-10-09 11:02:23] com.github.ontio.RedisConfig [37] - **********redisTemplate**************
[ INFO ] [2018-10-09 11:02:23] com.github.ontio.ExplorerRedisCache [37] - ##init ExplorerRedisCache, Cache id:com.github.ontio.dao.BlockMapper##
[ INFO ] [2018-10-09 11:02:23] com.github.ontio.ExplorerRedisCache [50] - ##get Redis Cache Id:com.github.ontio.dao.BlockMapper##
[ INFO ] [2018-10-09 11:02:23] com.github.ontio.ExplorerRedisCache [50] - ##get Redis Cache Id:com.github.ontio.dao.BlockMapper##
[ INFO ] [2018-10-09 11:02:23] com.github.ontio.ExplorerRedisCache [37] - ##init ExplorerRedisCache, Cache id:com.github.ontio.dao.CurrentMapper##
[ INFO ] [2018-10-09 11:02:23] com.github.ontio.ExplorerRedisCache [50] - ##get Redis Cache Id:com.github.ontio.dao.CurrentMapper##
[ INFO ] [2018-10-09 11:02:23] com.github.ontio.ExplorerRedisCache [50] - ##get Redis Cache Id:com.github.ontio.dao.CurrentMapper##
[ INFO ] [2018-10-09 11:02:23] com.github.ontio.ExplorerRedisCache [37] - ##init ExplorerRedisCache, Cache id:com.github.ontio.dao.OntIdMapper##
[ INFO ] [2018-10-09 11:02:23] com.github.ontio.ExplorerRedisCache [50] - ##get Redis Cache Id:com.github.ontio.dao.OntIdMapper##
[ INFO ] [2018-10-09 11:02:23] com.github.ontio.ExplorerRedisCache [50] - ##get Redis Cache Id:com.github.ontio.dao.OntIdMapper##
[ INFO ] [2018-10-09 11:02:23] com.github.ontio.ExplorerRedisCache [37] - ##init ExplorerRedisCache, Cache id:com.github.ontio.dao.TransactionDetailMapper##
[ INFO ] [2018-10-09 11:02:23] com.github.ontio.ExplorerRedisCache [50] - ##get Redis Cache Id:com.github.ontio.dao.TransactionDetailMapper##
[ INFO ] [2018-10-09 11:02:23] com.github.ontio.ExplorerRedisCache [50] - ##get Redis Cache Id:com.github.ontio.dao.TransactionDetailMapper##
[ INFO ] [2018-10-09 11:02:23] com.github.ontio.ExplorerRedisCache [45] - ##init ExplorerRedisCache with default Cache id:defaultrediscacheid001##
[ INFO ] [2018-10-09 11:02:24] org.springframework.web.servlet.handler.SimpleUrlHandlerMapping [373] - Mapped URL path [/**/favicon.ico] onto handler of type [class org.springframework.web.servlet.resource.ResourceHttpRequestHandler]
[ INFO ] [2018-10-09 11:02:24] org.springframework.web.servlet.mvc.method.annotation.RequestMappingHandlerAdapter [574] - Looking for @ControllerAdvice: org.springframework.web.context.support.GenericWebApplicationContext@36cda2c2: startup date [Tue Oct 09 11:02:19 CST 2018]; root of context hierarchy
[ INFO ] [2018-10-09 11:02:25] org.springframework.web.servlet.mvc.method.annotation.RequestMappingHandlerMapping [547] - Mapped "{[/api/v1/explorer/test],methods=[POST]}" onto public com.github.ontio.paramBean.Result com.github.ontio.controller.BlockController.test(java.lang.String)
[ INFO ] [2018-10-09 11:02:25] org.springframework.web.servlet.mvc.method.annotation.RequestMappingHandlerMapping [547] - Mapped "{[/api/v1/explorer/blocklist/{pagesize}/{pagenumber}],methods=[GET]}" onto public com.github.ontio.paramBean.Result com.github.ontio.controller.BlockController.queryBlockByPage(java.lang.Integer,java.lang.Integer)
[ INFO ] [2018-10-09 11:02:25] org.springframework.web.servlet.mvc.method.annotation.RequestMappingHandlerMapping [547] - Mapped "{[/api/v1/explorer/block/{param}],methods=[GET]}" onto public com.github.ontio.paramBean.Result com.github.ontio.controller.BlockController.queryBlock(java.lang.String)
[ INFO ] [2018-10-09 11:02:25] org.springframework.web.servlet.mvc.method.annotation.RequestMappingHandlerMapping [547] - Mapped "{[/api/v1/explorer/blocklist/{amount}],methods=[GET]}" onto public com.github.ontio.paramBean.Result com.github.ontio.controller.BlockController.queryBlockList(int)
[ INFO ] [2018-10-09 11:02:25] org.springframework.web.servlet.mvc.method.annotation.RequestMappingHandlerMapping [547] - Mapped "{[/api/v1/explorer/block/generatetime/{amount}],methods=[GET]}" onto public com.github.ontio.paramBean.Result com.github.ontio.controller.BlockController.queryBlockGenerateTime(int)
[ INFO ] [2018-10-09 11:02:25] org.springframework.web.servlet.mvc.method.annotation.RequestMappingHandlerMapping [547] - Mapped "{[/api/v1/explorer/summary],methods=[GET]}" onto public com.github.ontio.paramBean.Result com.github.ontio.controller.CurrentController.querySummaryInfo()
[ INFO ] [2018-10-09 11:02:25] org.springframework.web.servlet.mvc.method.annotation.RequestMappingHandlerMapping [547] - Mapped "{[/api/v1/explorer/detection],methods=[GET]}" onto public java.lang.String com.github.ontio.controller.CurrentController.detection()
[ INFO ] [2018-10-09 11:02:25] org.springframework.web.servlet.mvc.method.annotation.RequestMappingHandlerMapping [547] - Mapped "{[/api/v1/explorer/ontidlist/{amount}],methods=[GET]}" onto public com.github.ontio.paramBean.Result com.github.ontio.controller.OntIdController.queryOntIdList(int)
[ INFO ] [2018-10-09 11:02:25] org.springframework.web.servlet.mvc.method.annotation.RequestMappingHandlerMapping [547] - Mapped "{[/api/v1/explorer/ontid/{ontid}/{pagesize}/{pagenumber}],methods=[GET]}" onto public com.github.ontio.paramBean.Result com.github.ontio.controller.OntIdController.queryOntIdDetail(java.lang.String,int,int)
[ INFO ] [2018-10-09 11:02:25] org.springframework.web.servlet.mvc.method.annotation.RequestMappingHandlerMapping [547] - Mapped "{[/api/v1/explorer/ontidlist/{pagesize}/{pagenumber}],methods=[GET]}" onto public com.github.ontio.paramBean.Result com.github.ontio.controller.OntIdController.queryOntIdListByPage(int,int)
[ INFO ] [2018-10-09 11:02:25] org.springframework.web.servlet.mvc.method.annotation.RequestMappingHandlerMapping [547] - Mapped "{[/api/v1/explorer/address/list],methods=[GET]}" onto public com.github.ontio.paramBean.Result com.github.ontio.controller.TransactionController.queryAddressList()
[ INFO ] [2018-10-09 11:02:25] org.springframework.web.servlet.mvc.method.annotation.RequestMappingHandlerMapping [547] - Mapped "{[/api/v1/explorer/address/{address}/{assetname}/{pagesize}/{pagenumber}],methods=[GET]}" onto public com.github.ontio.paramBean.Result com.github.ontio.controller.TransactionController.queryAddressInfo(java.lang.String,int,int,java.lang.String)
[ INFO ] [2018-10-09 11:02:25] org.springframework.web.servlet.mvc.method.annotation.RequestMappingHandlerMapping [547] - Mapped "{[/api/v1/explorer/address/{address}/{pagesize}/{pagenumber}],methods=[GET]}" onto public com.github.ontio.paramBean.Result com.github.ontio.controller.TransactionController.queryAddressInfo(java.lang.String,int,int)
[ INFO ] [2018-10-09 11:02:25] org.springframework.web.servlet.mvc.method.annotation.RequestMappingHandlerMapping [547] - Mapped "{[/api/v1/explorer/transactionlist/{pagesize}/{pagenumber}],methods=[GET]}" onto public com.github.ontio.paramBean.Result com.github.ontio.controller.TransactionController.queryTxn(java.lang.Integer,java.lang.Integer)
[ INFO ] [2018-10-09 11:02:25] org.springframework.web.servlet.mvc.method.annotation.RequestMappingHandlerMapping [547] - Mapped "{[/api/v1/explorer/transaction/{txnhash}],methods=[GET]}" onto public com.github.ontio.paramBean.Result com.github.ontio.controller.TransactionController.queryTxnByHash(java.lang.String)
[ INFO ] [2018-10-09 11:02:25] org.springframework.web.servlet.mvc.method.annotation.RequestMappingHandlerMapping [547] - Mapped "{[/api/v1/explorer/transactionlist/{amount}],methods=[GET]}" onto public com.github.ontio.paramBean.Result com.github.ontio.controller.TransactionController.queryTransactionList(int)
[ INFO ] [2018-10-09 11:02:25] org.springframework.web.servlet.mvc.method.annotation.RequestMappingHandlerMapping [547] - Mapped "{[/api/v1/explorer/address/time/{address}/{assetname}/{begintime}/{endtime}],methods=[GET]}" onto public com.github.ontio.paramBean.Result com.github.ontio.controller.TransactionController.queryAddressInfoByTime(java.lang.String,int,java.lang.String,int)
[ INFO ] [2018-10-09 11:02:25] org.springframework.web.servlet.mvc.method.annotation.RequestMappingHandlerMapping [547] - Mapped "{[/api/v1/explorer/address/time/{address}/{assetname}/{begintime}],methods=[GET]}" onto public com.github.ontio.paramBean.Result com.github.ontio.controller.TransactionController.queryAddressInfoByTime2(java.lang.String,int,java.lang.String)
[ INFO ] [2018-10-09 11:02:25] org.springframework.web.servlet.mvc.method.annotation.RequestMappingHandlerMapping [547] - Mapped "{[/api/v1/explorer/address/balance/{address}],methods=[GET]}" onto public com.github.ontio.paramBean.Result com.github.ontio.controller.TransactionController.queryAddressBalance(java.lang.String)
[ INFO ] [2018-10-09 11:02:25] org.springframework.web.servlet.mvc.method.annotation.RequestMappingHandlerMapping [547] - Mapped "{[/api/v1/explorer/address/timeandpage/{address}/{assetname}/{pagesize}/{endtime}],methods=[GET]}" onto public com.github.ontio.paramBean.Result com.github.ontio.controller.TransactionController.queryAddressInfoByTimeAndPage(java.lang.String,int,java.lang.String,int)
[ INFO ] [2018-10-09 11:02:25] org.springframework.web.servlet.mvc.method.annotation.RequestMappingHandlerMapping [547] - Mapped "{[/error]}" onto public org.springframework.http.ResponseEntity<java.util.Map<java.lang.String, java.lang.Object>> org.springframework.boot.autoconfigure.web.servlet.error.BasicErrorController.error(javax.servlet.http.HttpServletRequest)
[ INFO ] [2018-10-09 11:02:25] org.springframework.web.servlet.mvc.method.annotation.RequestMappingHandlerMapping [547] - Mapped "{[/error],produces=[text/html]}" onto public org.springframework.web.servlet.ModelAndView org.springframework.boot.autoconfigure.web.servlet.error.BasicErrorController.errorHtml(javax.servlet.http.HttpServletRequest,javax.servlet.http.HttpServletResponse)
[ INFO ] [2018-10-09 11:02:25] org.springframework.web.servlet.handler.SimpleUrlHandlerMapping [373] - Mapped URL path [/webjars/**] onto handler of type [class org.springframework.web.servlet.resource.ResourceHttpRequestHandler]
[ INFO ] [2018-10-09 11:02:25] org.springframework.web.servlet.handler.SimpleUrlHandlerMapping [373] - Mapped URL path [/**] onto handler of type [class org.springframework.web.servlet.resource.ResourceHttpRequestHandler]
[ INFO ] [2018-10-09 11:02:26] com.github.ontio.DemoApplicationTests [59] - Started DemoApplicationTests in 8.176 seconds (JVM running for 9.761)
[ INFO ] [2018-10-09 11:02:26] org.springframework.boot.test.context.SpringBootTestContextBootstrapper [308] - Neither @ContextConfiguration nor @ContextHierarchy found for test class [com.github.ontio.RedisTests], using SpringBootContextLoader
[ INFO ] [2018-10-09 11:02:26] org.springframework.test.context.support.AbstractContextLoader [264] - Could not detect default resource locations for test class [com.github.ontio.RedisTests]: no resource found for suffixes {-context.xml, Context.groovy}.
[ INFO ] [2018-10-09 11:02:26] org.springframework.test.context.support.AnnotationConfigContextLoaderUtils [83] - Could not detect default configuration classes for test class [com.github.ontio.RedisTests]: RedisTests does not declare any static, non-private, non-final, nested classes annotated with @Configuration.
[ INFO ] [2018-10-09 11:02:26] org.springframework.boot.test.context.SpringBootTestContextBootstrapper [244] - Found @SpringBootConfiguration com.github.ontio.ExplorerApplication for test class com.github.ontio.RedisTests
[ INFO ] [2018-10-09 11:02:26] org.springframework.boot.test.context.SpringBootTestContextBootstrapper [248] - Loaded default TestExecutionListener class names from location [META-INF/spring.factories]: [org.springframework.boot.test.mock.mockito.MockitoTestExecutionListener, org.springframework.boot.test.mock.mockito.ResetMocksTestExecutionListener, org.springframework.boot.test.autoconfigure.restdocs.RestDocsTestExecutionListener, org.springframework.boot.test.autoconfigure.web.client.MockRestServiceServerResetTestExecutionListener, org.springframework.boot.test.autoconfigure.web.servlet.MockMvcPrintOnlyOnFailureTestExecutionListener, org.springframework.boot.test.autoconfigure.web.servlet.WebDriverTestExecutionListener, org.springframework.test.context.web.ServletTestExecutionListener, org.springframework.test.context.support.DirtiesContextBeforeModesTestExecutionListener, org.springframework.test.context.support.DependencyInjectionTestExecutionListener, org.springframework.test.context.support.DirtiesContextTestExecutionListener, org.springframework.test.context.transaction.TransactionalTestExecutionListener, org.springframework.test.context.jdbc.SqlScriptsTestExecutionListener]
[ INFO ] [2018-10-09 11:02:26] org.springframework.boot.test.context.SpringBootTestContextBootstrapper [177] - Using TestExecutionListeners: [org.springframework.test.context.web.ServletTestExecutionListener@7c241a9f, org.springframework.test.context.support.DirtiesContextBeforeModesTestExecutionListener@58fd1214, org.springframework.boot.test.mock.mockito.MockitoTestExecutionListener@7d8cf9ac, org.springframework.boot.test.autoconfigure.SpringBootDependencyInjectionTestExecutionListener@5f0bab7e, org.springframework.test.context.support.DirtiesContextTestExecutionListener@3a7b2e2, org.springframework.test.context.transaction.TransactionalTestExecutionListener@337a6d30, org.springframework.test.context.jdbc.SqlScriptsTestExecutionListener@2921a36a, org.springframework.boot.test.mock.mockito.ResetMocksTestExecutionListener@2b73bd6b, org.springframework.boot.test.autoconfigure.restdocs.RestDocsTestExecutionListener@157d3a45, org.springframework.boot.test.autoconfigure.web.client.MockRestServiceServerResetTestExecutionListener@750ed637, org.springframework.boot.test.autoconfigure.web.servlet.MockMvcPrintOnlyOnFailureTestExecutionListener@5190010f, org.springframework.boot.test.autoconfigure.web.servlet.WebDriverTestExecutionListener@673e76b3]
[ INFO ] [2018-10-09 11:02:26] com.github.ontio.ExplorerRedisCache [65] - ##getObject. key:301241118:251842353:com.github.ontio.dao.BlockMapper.selectBlockByPage:0:2147483647:select Height, Hash, PrevBlock, NextBlock, TxnsRoot, BlockTime, ConsensusData, BookKeeper, TxnNum, BlockSize
    from tbl_ont_block
    order by height DESC
    limit ?, ?:0:10:SqlSessionFactoryBean##
[ INFO ] [2018-10-09 11:02:27] io.lettuce.core.EpollProvider [101] - Starting without optional epoll library
[ INFO ] [2018-10-09 11:02:27] io.lettuce.core.KqueueProvider [101] - Starting without optional kqueue library
[ INFO ] [2018-10-09 11:02:27] com.github.ontio.ExplorerRedisCache [50] - ##get Redis Cache Id:com.github.ontio.dao.BlockMapper##
[ DEBUG] [2018-10-09 11:02:27] com.github.ontio.dao.BlockMapper [62] - Cache Hit Ratio [com.github.ontio.dao.BlockMapper]: 1.0
[ DEBUG] [2018-10-09 11:02:27] com.github.ontio.RedisTests [41] - [{"PrevBlock":"0a1e554f20bb88e19b41abe454f730540f806977f71cf75a7a31cfa07b1cad02","TxnsRoot":"0000000000000000000000000000000000000000000000000000000000000000","BlockTime":1538214996,"NextBlock":"","BookKeeper":"ALZVrZrFqoSvqyi38n7mpPoeDp7DMtZ9b6&ALZVrZrFqoSvqyi38n7mpPoeDp7DMtZ9b6&AKEqQKmxCsjWJz8LPGryXzb6nN5fkK1WDY&AY5W6p4jHeZG2jjW6nS1p4KDUhcqLkU6jz&AMogjmLf2QohTcGST7niV75ekZfj44SKme&AQNpGWz4oHHFBejtBbakeR43DHfen7cm8L","TxnNum":0,"Height":281040,"Hash":"e9a9a46fbf4d0184706e05c989fcb8e4fd917938840d60a57e19a8379f31af6e","ConsensusData":"17674978129484948163","BlockSize":1012},{"PrevBlock":"0a32623fd6d63a29ceb4663f979f16741aa8e00e43996417497cbd5e914c5514","TxnsRoot":"0000000000000000000000000000000000000000000000000000000000000000","BlockTime":1538214966,"NextBlock":"e9a9a46fbf4d0184706e05c989fcb8e4fd917938840d60a57e19a8379f31af6e","BookKeeper":"AZzQTkZvjy7ih9gjvwU8KYiZZyNoy6jE9p&ALZVrZrFqoSvqyi38n7mpPoeDp7DMtZ9b6&AQNpGWz4oHHFBejtBbakeR43DHfen7cm8L&AY5W6p4jHeZG2jjW6nS1p4KDUhcqLkU6jz&AKEqQKmxCsjWJz8LPGryXzb6nN5fkK1WDY&AMogjmLf2QohTcGST7niV75ekZfj44SKme","TxnNum":0,"Height":281039,"Hash":"0a1e554f20bb88e19b41abe454f730540f806977f71cf75a7a31cfa07b1cad02","ConsensusData":"15291960964546298811","BlockSize":1012},{"PrevBlock":"f8731c069a97b02fbecc9e3fb43238d1d748208f8c052e692d3dc048bd569ef5","TxnsRoot":"0000000000000000000000000000000000000000000000000000000000000000","BlockTime":1538214936,"NextBlock":"0a1e554f20bb88e19b41abe454f730540f806977f71cf75a7a31cfa07b1cad02","BookKeeper":"AY5W6p4jHeZG2jjW6nS1p4KDUhcqLkU6jz&AKEqQKmxCsjWJz8LPGryXzb6nN5fkK1WDY&ALZVrZrFqoSvqyi38n7mpPoeDp7DMtZ9b6&AY5W6p4jHeZG2jjW6nS1p4KDUhcqLkU6jz&AMogjmLf2QohTcGST7niV75ekZfj44SKme","TxnNum":0,"Height":281038,"Hash":"0a32623fd6d63a29ceb4663f979f16741aa8e00e43996417497cbd5e914c5514","ConsensusData":"8045006295046889900","BlockSize":913},{"PrevBlock":"d028721d86308694950bd7f78e774cca7874f4239c17792a6ee1592335160e04","TxnsRoot":"0000000000000000000000000000000000000000000000000000000000000000","BlockTime":1538214906,"NextBlock":"0a32623fd6d63a29ceb4663f979f16741aa8e00e43996417497cbd5e914c5514","BookKeeper":"AQNpGWz4oHHFBejtBbakeR43DHfen7cm8L&AY5W6p4jHeZG2jjW6nS1p4KDUhcqLkU6jz&AQNpGWz4oHHFBejtBbakeR43DHfen7cm8L&ALZVrZrFqoSvqyi38n7mpPoeDp7DMtZ9b6&AZzQTkZvjy7ih9gjvwU8KYiZZyNoy6jE9p","TxnNum":0,"Height":281037,"Hash":"f8731c069a97b02fbecc9e3fb43238d1d748208f8c052e692d3dc048bd569ef5","ConsensusData":"150799748540428095","BlockSize":913},{"PrevBlock":"61ad6707affad122305349a9c5964644103b6381457fb62518d33bf1bd9459e7","TxnsRoot":"0000000000000000000000000000000000000000000000000000000000000000","BlockTime":1538214876,"NextBlock":"f8731c069a97b02fbecc9e3fb43238d1d748208f8c052e692d3dc048bd569ef5","BookKeeper":"AMogjmLf2QohTcGST7niV75ekZfj44SKme&AMogjmLf2QohTcGST7niV75ekZfj44SKme&AZzQTkZvjy7ih9gjvwU8KYiZZyNoy6jE9p&ALZVrZrFqoSvqyi38n7mpPoeDp7DMtZ9b6","TxnNum":0,"Height":281036,"Hash":"d028721d86308694950bd7f78e774cca7874f4239c17792a6ee1592335160e04","ConsensusData":"15383739311708829031","BlockSize":814},{"PrevBlock":"769cad65ce67863c57bb9e5d80428117e999391efc047cbfe92f4e62cadd52b7","TxnsRoot":"0000000000000000000000000000000000000000000000000000000000000000","BlockTime":1538214846,"NextBlock":"d028721d86308694950bd7f78e774cca7874f4239c17792a6ee1592335160e04","BookKeeper":"AMogjmLf2QohTcGST7niV75ekZfj44SKme&AKEqQKmxCsjWJz8LPGryXzb6nN5fkK1WDY&AZzQTkZvjy7ih9gjvwU8KYiZZyNoy6jE9p&ALZVrZrFqoSvqyi38n7mpPoeDp7DMtZ9b6&AMogjmLf2QohTcGST7niV75ekZfj44SKme","TxnNum":0,"Height":281035,"Hash":"61ad6707affad122305349a9c5964644103b6381457fb62518d33bf1bd9459e7","ConsensusData":"4539611474184235586","BlockSize":913},{"PrevBlock":"da24b7b796e0b7f2d071e9a17b88dfd4a9f4bae0cbb305419b11e8cbe14570db","TxnsRoot":"0000000000000000000000000000000000000000000000000000000000000000","BlockTime":1538214816,"NextBlock":"61ad6707affad122305349a9c5964644103b6381457fb62518d33bf1bd9459e7","BookKeeper":"AKEqQKmxCsjWJz8LPGryXzb6nN5fkK1WDY&AY5W6p4jHeZG2jjW6nS1p4KDUhcqLkU6jz&AZzQTkZvjy7ih9gjvwU8KYiZZyNoy6jE9p&AQNpGWz4oHHFBejtBbakeR43DHfen7cm8L&AMogjmLf2QohTcGST7niV75ekZfj44SKme&ALZVrZrFqoSvqyi38n7mpPoeDp7DMtZ9b6","TxnNum":0,"Height":281034,"Hash":"769cad65ce67863c57bb9e5d80428117e999391efc047cbfe92f4e62cadd52b7","ConsensusData":"7331849444502534083","BlockSize":1012},{"PrevBlock":"0c86bcf8e8caf7e90aed71f0ced953f4849669b7b9d0b46426ef2a004f6a7451","TxnsRoot":"0000000000000000000000000000000000000000000000000000000000000000","BlockTime":1538214785,"NextBlock":"769cad65ce67863c57bb9e5d80428117e999391efc047cbfe92f4e62cadd52b7","BookKeeper":"AMogjmLf2QohTcGST7niV75ekZfj44SKme&AZzQTkZvjy7ih9gjvwU8KYiZZyNoy6jE9p&ALZVrZrFqoSvqyi38n7mpPoeDp7DMtZ9b6&AKEqQKmxCsjWJz8LPGryXzb6nN5fkK1WDY&AMogjmLf2QohTcGST7niV75ekZfj44SKme&AY5W6p4jHeZG2jjW6nS1p4KDUhcqLkU6jz","TxnNum":0,"Height":281033,"Hash":"da24b7b796e0b7f2d071e9a17b88dfd4a9f4bae0cbb305419b11e8cbe14570db","ConsensusData":"5258411379620689870","BlockSize":1012},{"PrevBlock":"5d7f0dd914a8762534148a0ce4806252028ff7224cc8f080a06a90c9f5ed2dde","TxnsRoot":"0000000000000000000000000000000000000000000000000000000000000000","BlockTime":1538214755,"NextBlock":"da24b7b796e0b7f2d071e9a17b88dfd4a9f4bae0cbb305419b11e8cbe14570db","BookKeeper":"AKEqQKmxCsjWJz8LPGryXzb6nN5fkK1WDY&ALZVrZrFqoSvqyi38n7mpPoeDp7DMtZ9b6&AKEqQKmxCsjWJz8LPGryXzb6nN5fkK1WDY&AMogjmLf2QohTcGST7niV75ekZfj44SKme&AZzQTkZvjy7ih9gjvwU8KYiZZyNoy6jE9p","TxnNum":0,"Height":281032,"Hash":"0c86bcf8e8caf7e90aed71f0ced953f4849669b7b9d0b46426ef2a004f6a7451","ConsensusData":"2192879251338668277","BlockSize":913},{"PrevBlock":"00842dd73b82663516adf75cc5b802706f996dc9385a9954dffdb85b73281177","TxnsRoot":"0000000000000000000000000000000000000000000000000000000000000000","BlockTime":1538214725,"NextBlock":"0c86bcf8e8caf7e90aed71f0ced953f4849669b7b9d0b46426ef2a004f6a7451","BookKeeper":"AKEqQKmxCsjWJz8LPGryXzb6nN5fkK1WDY&ALZVrZrFqoSvqyi38n7mpPoeDp7DMtZ9b6&AMogjmLf2QohTcGST7niV75ekZfj44SKme&AZzQTkZvjy7ih9gjvwU8KYiZZyNoy6jE9p","TxnNum":0,"Height":281031,"Hash":"5d7f0dd914a8762534148a0ce4806252028ff7224cc8f080a06a90c9f5ed2dde","ConsensusData":"6577145623799730007","BlockSize":814}]
[ INFO ] [2018-10-09 11:02:27] org.springframework.web.context.support.GenericWebApplicationContext [993] - Closing org.springframework.web.context.support.GenericWebApplicationContext@36cda2c2: startup date [Tue Oct 09 11:02:19 CST 2018]; root of context hierarchy
[ INFO ] [2018-10-09 20:06:47] com.github.ontio.DemoApplicationTests [50] - Starting DemoApplicationTests on DESKTOP-RBHC9GE with PID 2384 (started by DELL in C:\WORK_ONCHAIN\ontology_projects\Explorer)
[ DEBUG] [2018-10-09 20:06:47] com.github.ontio.DemoApplicationTests [53] - Running with Spring Boot v2.0.3.RELEASE, Spring v5.0.7.RELEASE
[ INFO ] [2018-10-09 20:06:47] com.github.ontio.DemoApplicationTests [663] - The following profiles are active: uat
[ INFO ] [2018-10-09 20:06:48] org.springframework.web.context.support.GenericWebApplicationContext [590] - Refreshing org.springframework.web.context.support.GenericWebApplicationContext@36060e: startup date [Tue Oct 09 20:06:48 CST 2018]; root of context hierarchy
[ WARN ] [2018-10-09 20:06:50] org.mybatis.spring.mapper.ClassPathMapperScanner [239] - Skipping MapperFactoryBean with name 'BlockMapper' and 'com.github.ontio.dao.BlockMapper' mapperInterface. Bean already defined with the same name!
[ WARN ] [2018-10-09 20:06:50] org.mybatis.spring.mapper.ClassPathMapperScanner [239] - Skipping MapperFactoryBean with name 'CurrentMapper' and 'com.github.ontio.dao.CurrentMapper' mapperInterface. Bean already defined with the same name!
[ WARN ] [2018-10-09 20:06:50] org.mybatis.spring.mapper.ClassPathMapperScanner [239] - Skipping MapperFactoryBean with name 'OntIdMapper' and 'com.github.ontio.dao.OntIdMapper' mapperInterface. Bean already defined with the same name!
[ WARN ] [2018-10-09 20:06:50] org.mybatis.spring.mapper.ClassPathMapperScanner [239] - Skipping MapperFactoryBean with name 'TransactionDetailMapper' and 'com.github.ontio.dao.TransactionDetailMapper' mapperInterface. Bean already defined with the same name!
[ WARN ] [2018-10-09 20:06:50] org.mybatis.spring.mapper.ClassPathMapperScanner [166] - No MyBatis mapper was found in '[com.github.ontio.dao]' package. Please check your configuration.
[ WARN ] [2018-10-09 20:06:50] org.mybatis.spring.mapper.ClassPathMapperScanner [239] - Skipping MapperFactoryBean with name 'BlockMapper' and 'com.github.ontio.dao.BlockMapper' mapperInterface. Bean already defined with the same name!
[ WARN ] [2018-10-09 20:06:50] org.mybatis.spring.mapper.ClassPathMapperScanner [239] - Skipping MapperFactoryBean with name 'CurrentMapper' and 'com.github.ontio.dao.CurrentMapper' mapperInterface. Bean already defined with the same name!
[ WARN ] [2018-10-09 20:06:50] org.mybatis.spring.mapper.ClassPathMapperScanner [239] - Skipping MapperFactoryBean with name 'OntIdMapper' and 'com.github.ontio.dao.OntIdMapper' mapperInterface. Bean already defined with the same name!
[ WARN ] [2018-10-09 20:06:50] org.mybatis.spring.mapper.ClassPathMapperScanner [239] - Skipping MapperFactoryBean with name 'TransactionDetailMapper' and 'com.github.ontio.dao.TransactionDetailMapper' mapperInterface. Bean already defined with the same name!
[ WARN ] [2018-10-09 20:06:50] org.mybatis.spring.mapper.ClassPathMapperScanner [166] - No MyBatis mapper was found in '[com.github.ontio.dao]' package. Please check your configuration.
[ INFO ] [2018-10-09 20:06:50] org.springframework.data.repository.config.RepositoryConfigurationDelegate [163] - Multiple Spring Data modules found, entering strict repository configuration mode!
[ INFO ] [2018-10-09 20:06:51] org.springframework.context.support.PostProcessorRegistrationDelegate$BeanPostProcessorChecker [328] - Bean 'org.springframework.ws.config.annotation.DelegatingWsConfiguration' of type [org.springframework.ws.config.annotation.DelegatingWsConfiguration$$EnhancerBySpringCGLIB$$281d155e] is not eligible for getting processed by all BeanPostProcessors (for example: not eligible for auto-proxying)
[ INFO ] [2018-10-09 20:06:51] org.springframework.ws.soap.addressing.server.AnnotationActionEndpointMapping [236] - Supporting [WS-Addressing August 2004, WS-Addressing 1.0]
[ INFO ] [2018-10-09 20:06:51] org.springframework.context.support.PostProcessorRegistrationDelegate$BeanPostProcessorChecker [328] - Bean 'org.springframework.transaction.annotation.ProxyTransactionManagementConfiguration' of type [org.springframework.transaction.annotation.ProxyTransactionManagementConfiguration$$EnhancerBySpringCGLIB$$8385505f] is not eligible for getting processed by all BeanPostProcessors (for example: not eligible for auto-proxying)
[ INFO ] [2018-10-09 20:06:52] com.github.ontio.RedisConfig [37] - **********redisTemplate**************
[ INFO ] [2018-10-09 20:06:52] com.github.ontio.ExplorerRedisCache [37] - ##init ExplorerRedisCache, Cache id:com.github.ontio.dao.BlockMapper##
[ INFO ] [2018-10-09 20:06:52] com.github.ontio.ExplorerRedisCache [50] - ##get Redis Cache Id:com.github.ontio.dao.BlockMapper##
[ INFO ] [2018-10-09 20:06:52] com.github.ontio.ExplorerRedisCache [50] - ##get Redis Cache Id:com.github.ontio.dao.BlockMapper##
[ INFO ] [2018-10-09 20:06:52] com.github.ontio.ExplorerRedisCache [37] - ##init ExplorerRedisCache, Cache id:com.github.ontio.dao.CurrentMapper##
[ INFO ] [2018-10-09 20:06:52] com.github.ontio.ExplorerRedisCache [50] - ##get Redis Cache Id:com.github.ontio.dao.CurrentMapper##
[ INFO ] [2018-10-09 20:06:52] com.github.ontio.ExplorerRedisCache [50] - ##get Redis Cache Id:com.github.ontio.dao.CurrentMapper##
[ INFO ] [2018-10-09 20:06:52] com.github.ontio.ExplorerRedisCache [37] - ##init ExplorerRedisCache, Cache id:com.github.ontio.dao.OntIdMapper##
[ INFO ] [2018-10-09 20:06:52] com.github.ontio.ExplorerRedisCache [50] - ##get Redis Cache Id:com.github.ontio.dao.OntIdMapper##
[ INFO ] [2018-10-09 20:06:52] com.github.ontio.ExplorerRedisCache [50] - ##get Redis Cache Id:com.github.ontio.dao.OntIdMapper##
[ INFO ] [2018-10-09 20:06:52] com.github.ontio.ExplorerRedisCache [37] - ##init ExplorerRedisCache, Cache id:com.github.ontio.dao.TransactionDetailMapper##
[ INFO ] [2018-10-09 20:06:52] com.github.ontio.ExplorerRedisCache [50] - ##get Redis Cache Id:com.github.ontio.dao.TransactionDetailMapper##
[ INFO ] [2018-10-09 20:06:52] com.github.ontio.ExplorerRedisCache [50] - ##get Redis Cache Id:com.github.ontio.dao.TransactionDetailMapper##
[ INFO ] [2018-10-09 20:06:53] com.github.ontio.ExplorerRedisCache [45] - ##init ExplorerRedisCache with default Cache id:defaultrediscacheid001##
[ INFO ] [2018-10-09 20:06:53] org.springframework.web.servlet.handler.SimpleUrlHandlerMapping [373] - Mapped URL path [/**/favicon.ico] onto handler of type [class org.springframework.web.servlet.resource.ResourceHttpRequestHandler]
[ INFO ] [2018-10-09 20:06:54] org.springframework.web.servlet.mvc.method.annotation.RequestMappingHandlerAdapter [574] - Looking for @ControllerAdvice: org.springframework.web.context.support.GenericWebApplicationContext@36060e: startup date [Tue Oct 09 20:06:48 CST 2018]; root of context hierarchy
[ INFO ] [2018-10-09 20:06:54] org.springframework.web.servlet.mvc.method.annotation.RequestMappingHandlerMapping [547] - Mapped "{[/api/v1/explorer/test],methods=[POST]}" onto public com.github.ontio.paramBean.Result com.github.ontio.controller.BlockController.test(java.lang.String)
[ INFO ] [2018-10-09 20:06:54] org.springframework.web.servlet.mvc.method.annotation.RequestMappingHandlerMapping [547] - Mapped "{[/api/v1/explorer/blocklist/{pagesize}/{pagenumber}],methods=[GET]}" onto public com.github.ontio.paramBean.Result com.github.ontio.controller.BlockController.queryBlockByPage(java.lang.Integer,java.lang.Integer)
[ INFO ] [2018-10-09 20:06:54] org.springframework.web.servlet.mvc.method.annotation.RequestMappingHandlerMapping [547] - Mapped "{[/api/v1/explorer/block/{param}],methods=[GET]}" onto public com.github.ontio.paramBean.Result com.github.ontio.controller.BlockController.queryBlock(java.lang.String)
[ INFO ] [2018-10-09 20:06:54] org.springframework.web.servlet.mvc.method.annotation.RequestMappingHandlerMapping [547] - Mapped "{[/api/v1/explorer/blocklist/{amount}],methods=[GET]}" onto public com.github.ontio.paramBean.Result com.github.ontio.controller.BlockController.queryBlockList(int)
[ INFO ] [2018-10-09 20:06:54] org.springframework.web.servlet.mvc.method.annotation.RequestMappingHandlerMapping [547] - Mapped "{[/api/v1/explorer/block/generatetime/{amount}],methods=[GET]}" onto public com.github.ontio.paramBean.Result com.github.ontio.controller.BlockController.queryBlockGenerateTime(int)
[ INFO ] [2018-10-09 20:06:54] org.springframework.web.servlet.mvc.method.annotation.RequestMappingHandlerMapping [547] - Mapped "{[/api/v1/explorer/summary],methods=[GET]}" onto public com.github.ontio.paramBean.Result com.github.ontio.controller.CurrentController.querySummaryInfo()
[ INFO ] [2018-10-09 20:06:54] org.springframework.web.servlet.mvc.method.annotation.RequestMappingHandlerMapping [547] - Mapped "{[/api/v1/explorer/detection],methods=[GET]}" onto public java.lang.String com.github.ontio.controller.CurrentController.detection()
[ INFO ] [2018-10-09 20:06:54] org.springframework.web.servlet.mvc.method.annotation.RequestMappingHandlerMapping [547] - Mapped "{[/api/v1/explorer/ontid/{ontid}/{pagesize}/{pagenumber}],methods=[GET]}" onto public com.github.ontio.paramBean.Result com.github.ontio.controller.OntIdController.queryOntIdDetail(java.lang.String,int,int)
[ INFO ] [2018-10-09 20:06:54] org.springframework.web.servlet.mvc.method.annotation.RequestMappingHandlerMapping [547] - Mapped "{[/api/v1/explorer/ontidlist/{amount}],methods=[GET]}" onto public com.github.ontio.paramBean.Result com.github.ontio.controller.OntIdController.queryOntIdList(int)
[ INFO ] [2018-10-09 20:06:54] org.springframework.web.servlet.mvc.method.annotation.RequestMappingHandlerMapping [547] - Mapped "{[/api/v1/explorer/ontidlist/{pagesize}/{pagenumber}],methods=[GET]}" onto public com.github.ontio.paramBean.Result com.github.ontio.controller.OntIdController.queryOntIdListByPage(int,int)
[ INFO ] [2018-10-09 20:06:54] org.springframework.web.servlet.mvc.method.annotation.RequestMappingHandlerMapping [547] - Mapped "{[/api/v1/explorer/transactionlist/{pagesize}/{pagenumber}],methods=[GET]}" onto public com.github.ontio.paramBean.Result com.github.ontio.controller.TransactionController.queryTxn(java.lang.Integer,java.lang.Integer)
[ INFO ] [2018-10-09 20:06:54] org.springframework.web.servlet.mvc.method.annotation.RequestMappingHandlerMapping [547] - Mapped "{[/api/v1/explorer/transaction/{txnhash}],methods=[GET]}" onto public com.github.ontio.paramBean.Result com.github.ontio.controller.TransactionController.queryTxnByHash(java.lang.String)
[ INFO ] [2018-10-09 20:06:54] org.springframework.web.servlet.mvc.method.annotation.RequestMappingHandlerMapping [547] - Mapped "{[/api/v1/explorer/address/list],methods=[GET]}" onto public com.github.ontio.paramBean.Result com.github.ontio.controller.TransactionController.queryAddressList()
[ INFO ] [2018-10-09 20:06:54] org.springframework.web.servlet.mvc.method.annotation.RequestMappingHandlerMapping [547] - Mapped "{[/api/v1/explorer/address/{address}/{assetname}/{pagesize}/{pagenumber}],methods=[GET]}" onto public com.github.ontio.paramBean.Result com.github.ontio.controller.TransactionController.queryAddressInfo(java.lang.String,int,int,java.lang.String)
[ INFO ] [2018-10-09 20:06:54] org.springframework.web.servlet.mvc.method.annotation.RequestMappingHandlerMapping [547] - Mapped "{[/api/v1/explorer/address/{address}/{pagesize}/{pagenumber}],methods=[GET]}" onto public com.github.ontio.paramBean.Result com.github.ontio.controller.TransactionController.queryAddressInfo(java.lang.String,int,int)
[ INFO ] [2018-10-09 20:06:54] org.springframework.web.servlet.mvc.method.annotation.RequestMappingHandlerMapping [547] - Mapped "{[/api/v1/explorer/address/time/{address}/{assetname}/{begintime}],methods=[GET]}" onto public com.github.ontio.paramBean.Result com.github.ontio.controller.TransactionController.queryAddressInfoByTime2(java.lang.String,int,java.lang.String)
[ INFO ] [2018-10-09 20:06:54] org.springframework.web.servlet.mvc.method.annotation.RequestMappingHandlerMapping [547] - Mapped "{[/api/v1/explorer/address/time/{address}/{assetname}/{begintime}/{endtime}],methods=[GET]}" onto public com.github.ontio.paramBean.Result com.github.ontio.controller.TransactionController.queryAddressInfoByTime(java.lang.String,int,java.lang.String,int)
[ INFO ] [2018-10-09 20:06:54] org.springframework.web.servlet.mvc.method.annotation.RequestMappingHandlerMapping [547] - Mapped "{[/api/v1/explorer/transactionlist/{amount}],methods=[GET]}" onto public com.github.ontio.paramBean.Result com.github.ontio.controller.TransactionController.queryTransactionList(int)
[ INFO ] [2018-10-09 20:06:54] org.springframework.web.servlet.mvc.method.annotation.RequestMappingHandlerMapping [547] - Mapped "{[/api/v1/explorer/address/timeandpage/{address}/{assetname}/{pagesize}/{endtime}],methods=[GET]}" onto public com.github.ontio.paramBean.Result com.github.ontio.controller.TransactionController.queryAddressInfoByTimeAndPage(java.lang.String,int,java.lang.String,int)
[ INFO ] [2018-10-09 20:06:54] org.springframework.web.servlet.mvc.method.annotation.RequestMappingHandlerMapping [547] - Mapped "{[/api/v1/explorer/address/balance/{address}],methods=[GET]}" onto public com.github.ontio.paramBean.Result com.github.ontio.controller.TransactionController.queryAddressBalance(java.lang.String)
[ INFO ] [2018-10-09 20:06:54] org.springframework.web.servlet.mvc.method.annotation.RequestMappingHandlerMapping [547] - Mapped "{[/error]}" onto public org.springframework.http.ResponseEntity<java.util.Map<java.lang.String, java.lang.Object>> org.springframework.boot.autoconfigure.web.servlet.error.BasicErrorController.error(javax.servlet.http.HttpServletRequest)
[ INFO ] [2018-10-09 20:06:54] org.springframework.web.servlet.mvc.method.annotation.RequestMappingHandlerMapping [547] - Mapped "{[/error],produces=[text/html]}" onto public org.springframework.web.servlet.ModelAndView org.springframework.boot.autoconfigure.web.servlet.error.BasicErrorController.errorHtml(javax.servlet.http.HttpServletRequest,javax.servlet.http.HttpServletResponse)
[ INFO ] [2018-10-09 20:06:54] org.springframework.web.servlet.handler.SimpleUrlHandlerMapping [373] - Mapped URL path [/webjars/**] onto handler of type [class org.springframework.web.servlet.resource.ResourceHttpRequestHandler]
[ INFO ] [2018-10-09 20:06:54] org.springframework.web.servlet.handler.SimpleUrlHandlerMapping [373] - Mapped URL path [/**] onto handler of type [class org.springframework.web.servlet.resource.ResourceHttpRequestHandler]
[ INFO ] [2018-10-09 20:06:55] com.github.ontio.DemoApplicationTests [59] - Started DemoApplicationTests in 8.819 seconds (JVM running for 11.447)
[ INFO ] [2018-10-09 20:06:56] org.springframework.boot.test.context.SpringBootTestContextBootstrapper [308] - Neither @ContextConfiguration nor @ContextHierarchy found for test class [com.github.ontio.RedisTests], using SpringBootContextLoader
[ INFO ] [2018-10-09 20:06:56] org.springframework.test.context.support.AbstractContextLoader [264] - Could not detect default resource locations for test class [com.github.ontio.RedisTests]: no resource found for suffixes {-context.xml, Context.groovy}.
[ INFO ] [2018-10-09 20:06:56] org.springframework.test.context.support.AnnotationConfigContextLoaderUtils [83] - Could not detect default configuration classes for test class [com.github.ontio.RedisTests]: RedisTests does not declare any static, non-private, non-final, nested classes annotated with @Configuration.
[ INFO ] [2018-10-09 20:06:56] org.springframework.boot.test.context.SpringBootTestContextBootstrapper [244] - Found @SpringBootConfiguration com.github.ontio.ExplorerApplication for test class com.github.ontio.RedisTests
[ INFO ] [2018-10-09 20:06:56] org.springframework.boot.test.context.SpringBootTestContextBootstrapper [248] - Loaded default TestExecutionListener class names from location [META-INF/spring.factories]: [org.springframework.boot.test.mock.mockito.MockitoTestExecutionListener, org.springframework.boot.test.mock.mockito.ResetMocksTestExecutionListener, org.springframework.boot.test.autoconfigure.restdocs.RestDocsTestExecutionListener, org.springframework.boot.test.autoconfigure.web.client.MockRestServiceServerResetTestExecutionListener, org.springframework.boot.test.autoconfigure.web.servlet.MockMvcPrintOnlyOnFailureTestExecutionListener, org.springframework.boot.test.autoconfigure.web.servlet.WebDriverTestExecutionListener, org.springframework.test.context.web.ServletTestExecutionListener, org.springframework.test.context.support.DirtiesContextBeforeModesTestExecutionListener, org.springframework.test.context.support.DependencyInjectionTestExecutionListener, org.springframework.test.context.support.DirtiesContextTestExecutionListener, org.springframework.test.context.transaction.TransactionalTestExecutionListener, org.springframework.test.context.jdbc.SqlScriptsTestExecutionListener]
[ INFO ] [2018-10-09 20:06:56] org.springframework.boot.test.context.SpringBootTestContextBootstrapper [177] - Using TestExecutionListeners: [org.springframework.test.context.web.ServletTestExecutionListener@2ba1209b, org.springframework.test.context.support.DirtiesContextBeforeModesTestExecutionListener@7c241a9f, org.springframework.boot.test.mock.mockito.MockitoTestExecutionListener@58fd1214, org.springframework.boot.test.autoconfigure.SpringBootDependencyInjectionTestExecutionListener@7d8cf9ac, org.springframework.test.context.support.DirtiesContextTestExecutionListener@5f0bab7e, org.springframework.test.context.transaction.TransactionalTestExecutionListener@3a7b2e2, org.springframework.test.context.jdbc.SqlScriptsTestExecutionListener@337a6d30, org.springframework.boot.test.mock.mockito.ResetMocksTestExecutionListener@2921a36a, org.springframework.boot.test.autoconfigure.restdocs.RestDocsTestExecutionListener@2b73bd6b, org.springframework.boot.test.autoconfigure.web.client.MockRestServiceServerResetTestExecutionListener@157d3a45, org.springframework.boot.test.autoconfigure.web.servlet.MockMvcPrintOnlyOnFailureTestExecutionListener@750ed637, org.springframework.boot.test.autoconfigure.web.servlet.WebDriverTestExecutionListener@5190010f]
[ INFO ] [2018-10-09 20:06:56] com.github.ontio.ExplorerRedisCache [65] - ##getObject. key:301241118:251842353:com.github.ontio.dao.BlockMapper.selectBlockByPage:0:2147483647:select Height, Hash, PrevBlock, NextBlock, TxnsRoot, BlockTime, ConsensusData, BookKeeper, TxnNum, BlockSize
    from tbl_ont_block
    order by height DESC
    limit ?, ?:0:10:SqlSessionFactoryBean##
[ INFO ] [2018-10-09 20:06:56] io.lettuce.core.EpollProvider [101] - Starting without optional epoll library
[ INFO ] [2018-10-09 20:06:56] io.lettuce.core.KqueueProvider [101] - Starting without optional kqueue library
[ INFO ] [2018-10-09 20:06:57] com.github.ontio.ExplorerRedisCache [50] - ##get Redis Cache Id:com.github.ontio.dao.BlockMapper##
[ DEBUG] [2018-10-09 20:06:57] com.github.ontio.dao.BlockMapper [62] - Cache Hit Ratio [com.github.ontio.dao.BlockMapper]: 1.0
[ DEBUG] [2018-10-09 20:06:57] com.github.ontio.RedisTests [41] - [{"PrevBlock":"0a1e554f20bb88e19b41abe454f730540f806977f71cf75a7a31cfa07b1cad02","TxnsRoot":"0000000000000000000000000000000000000000000000000000000000000000","BlockTime":1538214996,"NextBlock":"","BookKeeper":"ALZVrZrFqoSvqyi38n7mpPoeDp7DMtZ9b6&ALZVrZrFqoSvqyi38n7mpPoeDp7DMtZ9b6&AKEqQKmxCsjWJz8LPGryXzb6nN5fkK1WDY&AY5W6p4jHeZG2jjW6nS1p4KDUhcqLkU6jz&AMogjmLf2QohTcGST7niV75ekZfj44SKme&AQNpGWz4oHHFBejtBbakeR43DHfen7cm8L","TxnNum":0,"Height":281040,"Hash":"e9a9a46fbf4d0184706e05c989fcb8e4fd917938840d60a57e19a8379f31af6e","ConsensusData":"17674978129484948163","BlockSize":1012},{"PrevBlock":"0a32623fd6d63a29ceb4663f979f16741aa8e00e43996417497cbd5e914c5514","TxnsRoot":"0000000000000000000000000000000000000000000000000000000000000000","BlockTime":1538214966,"NextBlock":"e9a9a46fbf4d0184706e05c989fcb8e4fd917938840d60a57e19a8379f31af6e","BookKeeper":"AZzQTkZvjy7ih9gjvwU8KYiZZyNoy6jE9p&ALZVrZrFqoSvqyi38n7mpPoeDp7DMtZ9b6&AQNpGWz4oHHFBejtBbakeR43DHfen7cm8L&AY5W6p4jHeZG2jjW6nS1p4KDUhcqLkU6jz&AKEqQKmxCsjWJz8LPGryXzb6nN5fkK1WDY&AMogjmLf2QohTcGST7niV75ekZfj44SKme","TxnNum":0,"Height":281039,"Hash":"0a1e554f20bb88e19b41abe454f730540f806977f71cf75a7a31cfa07b1cad02","ConsensusData":"15291960964546298811","BlockSize":1012},{"PrevBlock":"f8731c069a97b02fbecc9e3fb43238d1d748208f8c052e692d3dc048bd569ef5","TxnsRoot":"0000000000000000000000000000000000000000000000000000000000000000","BlockTime":1538214936,"NextBlock":"0a1e554f20bb88e19b41abe454f730540f806977f71cf75a7a31cfa07b1cad02","BookKeeper":"AY5W6p4jHeZG2jjW6nS1p4KDUhcqLkU6jz&AKEqQKmxCsjWJz8LPGryXzb6nN5fkK1WDY&ALZVrZrFqoSvqyi38n7mpPoeDp7DMtZ9b6&AY5W6p4jHeZG2jjW6nS1p4KDUhcqLkU6jz&AMogjmLf2QohTcGST7niV75ekZfj44SKme","TxnNum":0,"Height":281038,"Hash":"0a32623fd6d63a29ceb4663f979f16741aa8e00e43996417497cbd5e914c5514","ConsensusData":"8045006295046889900","BlockSize":913},{"PrevBlock":"d028721d86308694950bd7f78e774cca7874f4239c17792a6ee1592335160e04","TxnsRoot":"0000000000000000000000000000000000000000000000000000000000000000","BlockTime":1538214906,"NextBlock":"0a32623fd6d63a29ceb4663f979f16741aa8e00e43996417497cbd5e914c5514","BookKeeper":"AQNpGWz4oHHFBejtBbakeR43DHfen7cm8L&AY5W6p4jHeZG2jjW6nS1p4KDUhcqLkU6jz&AQNpGWz4oHHFBejtBbakeR43DHfen7cm8L&ALZVrZrFqoSvqyi38n7mpPoeDp7DMtZ9b6&AZzQTkZvjy7ih9gjvwU8KYiZZyNoy6jE9p","TxnNum":0,"Height":281037,"Hash":"f8731c069a97b02fbecc9e3fb43238d1d748208f8c052e692d3dc048bd569ef5","ConsensusData":"150799748540428095","BlockSize":913},{"PrevBlock":"61ad6707affad122305349a9c5964644103b6381457fb62518d33bf1bd9459e7","TxnsRoot":"0000000000000000000000000000000000000000000000000000000000000000","BlockTime":1538214876,"NextBlock":"f8731c069a97b02fbecc9e3fb43238d1d748208f8c052e692d3dc048bd569ef5","BookKeeper":"AMogjmLf2QohTcGST7niV75ekZfj44SKme&AMogjmLf2QohTcGST7niV75ekZfj44SKme&AZzQTkZvjy7ih9gjvwU8KYiZZyNoy6jE9p&ALZVrZrFqoSvqyi38n7mpPoeDp7DMtZ9b6","TxnNum":0,"Height":281036,"Hash":"d028721d86308694950bd7f78e774cca7874f4239c17792a6ee1592335160e04","ConsensusData":"15383739311708829031","BlockSize":814},{"PrevBlock":"769cad65ce67863c57bb9e5d80428117e999391efc047cbfe92f4e62cadd52b7","TxnsRoot":"0000000000000000000000000000000000000000000000000000000000000000","BlockTime":1538214846,"NextBlock":"d028721d86308694950bd7f78e774cca7874f4239c17792a6ee1592335160e04","BookKeeper":"AMogjmLf2QohTcGST7niV75ekZfj44SKme&AKEqQKmxCsjWJz8LPGryXzb6nN5fkK1WDY&AZzQTkZvjy7ih9gjvwU8KYiZZyNoy6jE9p&ALZVrZrFqoSvqyi38n7mpPoeDp7DMtZ9b6&AMogjmLf2QohTcGST7niV75ekZfj44SKme","TxnNum":0,"Height":281035,"Hash":"61ad6707affad122305349a9c5964644103b6381457fb62518d33bf1bd9459e7","ConsensusData":"4539611474184235586","BlockSize":913},{"PrevBlock":"da24b7b796e0b7f2d071e9a17b88dfd4a9f4bae0cbb305419b11e8cbe14570db","TxnsRoot":"0000000000000000000000000000000000000000000000000000000000000000","BlockTime":1538214816,"NextBlock":"61ad6707affad122305349a9c5964644103b6381457fb62518d33bf1bd9459e7","BookKeeper":"AKEqQKmxCsjWJz8LPGryXzb6nN5fkK1WDY&AY5W6p4jHeZG2jjW6nS1p4KDUhcqLkU6jz&AZzQTkZvjy7ih9gjvwU8KYiZZyNoy6jE9p&AQNpGWz4oHHFBejtBbakeR43DHfen7cm8L&AMogjmLf2QohTcGST7niV75ekZfj44SKme&ALZVrZrFqoSvqyi38n7mpPoeDp7DMtZ9b6","TxnNum":0,"Height":281034,"Hash":"769cad65ce67863c57bb9e5d80428117e999391efc047cbfe92f4e62cadd52b7","ConsensusData":"7331849444502534083","BlockSize":1012},{"PrevBlock":"0c86bcf8e8caf7e90aed71f0ced953f4849669b7b9d0b46426ef2a004f6a7451","TxnsRoot":"0000000000000000000000000000000000000000000000000000000000000000","BlockTime":1538214785,"NextBlock":"769cad65ce67863c57bb9e5d80428117e999391efc047cbfe92f4e62cadd52b7","BookKeeper":"AMogjmLf2QohTcGST7niV75ekZfj44SKme&AZzQTkZvjy7ih9gjvwU8KYiZZyNoy6jE9p&ALZVrZrFqoSvqyi38n7mpPoeDp7DMtZ9b6&AKEqQKmxCsjWJz8LPGryXzb6nN5fkK1WDY&AMogjmLf2QohTcGST7niV75ekZfj44SKme&AY5W6p4jHeZG2jjW6nS1p4KDUhcqLkU6jz","TxnNum":0,"Height":281033,"Hash":"da24b7b796e0b7f2d071e9a17b88dfd4a9f4bae0cbb305419b11e8cbe14570db","ConsensusData":"5258411379620689870","BlockSize":1012},{"PrevBlock":"5d7f0dd914a8762534148a0ce4806252028ff7224cc8f080a06a90c9f5ed2dde","TxnsRoot":"0000000000000000000000000000000000000000000000000000000000000000","BlockTime":1538214755,"NextBlock":"da24b7b796e0b7f2d071e9a17b88dfd4a9f4bae0cbb305419b11e8cbe14570db","BookKeeper":"AKEqQKmxCsjWJz8LPGryXzb6nN5fkK1WDY&ALZVrZrFqoSvqyi38n7mpPoeDp7DMtZ9b6&AKEqQKmxCsjWJz8LPGryXzb6nN5fkK1WDY&AMogjmLf2QohTcGST7niV75ekZfj44SKme&AZzQTkZvjy7ih9gjvwU8KYiZZyNoy6jE9p","TxnNum":0,"Height":281032,"Hash":"0c86bcf8e8caf7e90aed71f0ced953f4849669b7b9d0b46426ef2a004f6a7451","ConsensusData":"2192879251338668277","BlockSize":913},{"PrevBlock":"00842dd73b82663516adf75cc5b802706f996dc9385a9954dffdb85b73281177","TxnsRoot":"0000000000000000000000000000000000000000000000000000000000000000","BlockTime":1538214725,"NextBlock":"0c86bcf8e8caf7e90aed71f0ced953f4849669b7b9d0b46426ef2a004f6a7451","BookKeeper":"AKEqQKmxCsjWJz8LPGryXzb6nN5fkK1WDY&ALZVrZrFqoSvqyi38n7mpPoeDp7DMtZ9b6&AMogjmLf2QohTcGST7niV75ekZfj44SKme&AZzQTkZvjy7ih9gjvwU8KYiZZyNoy6jE9p","TxnNum":0,"Height":281031,"Hash":"5d7f0dd914a8762534148a0ce4806252028ff7224cc8f080a06a90c9f5ed2dde","ConsensusData":"6577145623799730007","BlockSize":814}]
[ INFO ] [2018-10-09 20:06:57] org.springframework.web.context.support.GenericWebApplicationContext [993] - Closing org.springframework.web.context.support.GenericWebApplicationContext@36060e: startup date [Tue Oct 09 20:06:48 CST 2018]; root of context hierarchy
