[ INFO ] [2018-09-04 11:41:04] com.github.ontio.OntsynhandlerApplicationTests [50] - Starting OntsynhandlerApplicationTests on DESKTOP-RBHC9GE with PID 7868 (started by DELL in C:\WORK_ONCHAIN\ontology_projects\OntSynHandler)
[ INFO ] [2018-09-04 11:41:04] com.github.ontio.OntsynhandlerApplicationTests [663] - The following profiles are active: uat
[ INFO ] [2018-09-04 11:41:04] org.springframework.web.context.support.GenericWebApplicationContext [590] - Refreshing org.springframework.web.context.support.GenericWebApplicationContext@6d167f58: startup date [Tue Sep 04 11:41:04 CST 2018]; root of context hierarchy
[ INFO ] [2018-09-04 11:41:06] org.springframework.data.repository.config.RepositoryConfigurationDelegate [163] - Multiple Spring Data modules found, entering strict repository configuration mode!
[ INFO ] [2018-09-04 11:41:08] org.springframework.context.support.PostProcessorRegistrationDelegate$BeanPostProcessorChecker [328] - Bean 'org.springframework.ws.config.annotation.DelegatingWsConfiguration' of type [org.springframework.ws.config.annotation.DelegatingWsConfiguration$$EnhancerBySpringCGLIB$$4bb2fdcf] is not eligible for getting processed by all BeanPostProcessors (for example: not eligible for auto-proxying)
[ INFO ] [2018-09-04 11:41:08] org.springframework.ws.soap.addressing.server.AnnotationActionEndpointMapping [236] - Supporting [WS-Addressing August 2004, WS-Addressing 1.0]
[ INFO ] [2018-09-04 11:41:08] org.springframework.context.support.PostProcessorRegistrationDelegate$BeanPostProcessorChecker [328] - Bean 'org.springframework.transaction.annotation.ProxyTransactionManagementConfiguration' of type [org.springframework.transaction.annotation.ProxyTransactionManagementConfiguration$$EnhancerBySpringCGLIB$$a71b38d0] is not eligible for getting processed by all BeanPostProcessors (for example: not eligible for auto-proxying)
[ INFO ] [2018-09-04 11:41:10] com.github.ontio.RedisConfig [37] - **********redisTemplate**************
[ INFO ] [2018-09-04 11:41:10] com.github.ontio.OntSynRedisCache [37] - ##init ExplorerRedisCache, Cache id:com.github.ontio.dao.BlockMapper##
[ INFO ] [2018-09-04 11:41:10] com.github.ontio.OntSynRedisCache [50] - ##get Redis Cache Id:com.github.ontio.dao.BlockMapper##
[ INFO ] [2018-09-04 11:41:10] com.github.ontio.OntSynRedisCache [50] - ##get Redis Cache Id:com.github.ontio.dao.BlockMapper##
[ INFO ] [2018-09-04 11:41:11] com.github.ontio.OntSynRedisCache [37] - ##init ExplorerRedisCache, Cache id:com.github.ontio.dao.CurrentMapper##
[ INFO ] [2018-09-04 11:41:11] com.github.ontio.OntSynRedisCache [50] - ##get Redis Cache Id:com.github.ontio.dao.CurrentMapper##
[ INFO ] [2018-09-04 11:41:11] com.github.ontio.OntSynRedisCache [50] - ##get Redis Cache Id:com.github.ontio.dao.CurrentMapper##
[ INFO ] [2018-09-04 11:41:11] com.github.ontio.OntSynRedisCache [37] - ##init ExplorerRedisCache, Cache id:com.github.ontio.dao.OntIdMapper##
[ INFO ] [2018-09-04 11:41:11] com.github.ontio.OntSynRedisCache [50] - ##get Redis Cache Id:com.github.ontio.dao.OntIdMapper##
[ INFO ] [2018-09-04 11:41:11] com.github.ontio.OntSynRedisCache [50] - ##get Redis Cache Id:com.github.ontio.dao.OntIdMapper##
[ INFO ] [2018-09-04 11:41:11] com.github.ontio.OntSynRedisCache [37] - ##init ExplorerRedisCache, Cache id:com.github.ontio.dao.TransactionDetailMapper##
[ INFO ] [2018-09-04 11:41:11] com.github.ontio.OntSynRedisCache [50] - ##get Redis Cache Id:com.github.ontio.dao.TransactionDetailMapper##
[ INFO ] [2018-09-04 11:41:11] com.github.ontio.OntSynRedisCache [50] - ##get Redis Cache Id:com.github.ontio.dao.TransactionDetailMapper##
[ INFO ] [2018-09-04 11:41:11] com.github.ontio.OntSynRedisCache [45] - ##init ExplorerRedisCache with default Cache id:defaultrediscacheid002##
[ INFO ] [2018-09-04 11:41:11] com.github.ontio.thread.BlockHandlerThread [69] - ========BlockHandlerThread.run=======
[ INFO ] [2018-09-04 11:41:11] com.github.ontio.OntsynhandlerApplication [26] - ########taskExecutor#########
[ INFO ] [2018-09-04 11:41:11] org.springframework.scheduling.concurrent.ThreadPoolTaskExecutor [171] - Initializing ExecutorService 
[ INFO ] [2018-09-04 11:41:11] org.springframework.scheduling.concurrent.ThreadPoolTaskExecutor [171] - Initializing ExecutorService  'taskExecutor'
[ INFO ] [2018-09-04 11:41:12] com.github.ontio.thread.BlockHandlerThread [84] - ######remote blockheight:274109
[ INFO ] [2018-09-04 11:41:12] com.zaxxer.hikari.HikariDataSource [110] - HikariPool-1 - Starting...
[ INFO ] [2018-09-04 11:41:12] org.springframework.web.servlet.handler.SimpleUrlHandlerMapping [373] - Mapped URL path [/**/favicon.ico] onto handler of type [class org.springframework.web.servlet.resource.ResourceHttpRequestHandler]
[ INFO ] [2018-09-04 11:41:13] com.zaxxer.hikari.HikariDataSource [123] - HikariPool-1 - Start completed.
[ DEBUG] [2018-09-04 11:41:13] dao.com.github.ontio.dao.CurrentMapper.selectDBHeight [159] - ==>  Preparing: select Height from tbl_ont_current 
[ DEBUG] [2018-09-04 11:41:13] dao.com.github.ontio.dao.CurrentMapper.selectDBHeight [159] - ==> Parameters: 
[ DEBUG] [2018-09-04 11:41:13] dao.com.github.ontio.dao.CurrentMapper.selectDBHeight [159] - <==      Total: 1
[ INFO ] [2018-09-04 11:41:13] com.github.ontio.thread.BlockHandlerThread [87] - ######db blockheight:225379
[ DEBUG] [2018-09-04 11:41:13] dao.com.github.ontio.dao.OntIdMapper.selectCountByHeight [159] - ==>  Preparing: select count(1) from tbl_ont_ontid_detail where height = ? 
[ DEBUG] [2018-09-04 11:41:13] dao.com.github.ontio.dao.OntIdMapper.selectCountByHeight [159] - ==> Parameters: 225380(Integer)
[ DEBUG] [2018-09-04 11:41:13] dao.com.github.ontio.dao.OntIdMapper.selectCountByHeight [159] - <==      Total: 1
[ DEBUG] [2018-09-04 11:41:13] dao.com.github.ontio.dao.TransactionDetailMapper.selectCountByHeight [159] - ==>  Preparing: select count(1) from tbl_ont_txn_detail where height = ? 
[ DEBUG] [2018-09-04 11:41:13] dao.com.github.ontio.dao.TransactionDetailMapper.selectCountByHeight [159] - ==> Parameters: 225380(Integer)
[ DEBUG] [2018-09-04 11:41:13] dao.com.github.ontio.dao.TransactionDetailMapper.selectCountByHeight [159] - <==      Total: 1
[ INFO ] [2018-09-04 11:41:13] org.springframework.web.servlet.mvc.method.annotation.RequestMappingHandlerAdapter [574] - Looking for @ControllerAdvice: org.springframework.web.context.support.GenericWebApplicationContext@6d167f58: startup date [Tue Sep 04 11:41:04 CST 2018]; root of context hierarchy
[ INFO ] [2018-09-04 11:41:13] org.springframework.web.servlet.mvc.method.annotation.RequestMappingHandlerMapping [547] - Mapped "{[/error]}" onto public org.springframework.http.ResponseEntity<java.util.Map<java.lang.String, java.lang.Object>> org.springframework.boot.autoconfigure.web.servlet.error.BasicErrorController.error(javax.servlet.http.HttpServletRequest)
[ INFO ] [2018-09-04 11:41:13] org.springframework.web.servlet.mvc.method.annotation.RequestMappingHandlerMapping [547] - Mapped "{[/error],produces=[text/html]}" onto public org.springframework.web.servlet.ModelAndView org.springframework.boot.autoconfigure.web.servlet.error.BasicErrorController.errorHtml(javax.servlet.http.HttpServletRequest,javax.servlet.http.HttpServletResponse)
[ INFO ] [2018-09-04 11:41:13] com.github.ontio.asyncService.BlockHandleService [73] - handleOneBlock run-------blockHeight:225380,txnSum:1
[ INFO ] [2018-09-04 11:41:14] org.springframework.web.servlet.handler.SimpleUrlHandlerMapping [373] - Mapped URL path [/webjars/**] onto handler of type [class org.springframework.web.servlet.resource.ResourceHttpRequestHandler]
[ INFO ] [2018-09-04 11:41:14] org.springframework.web.servlet.handler.SimpleUrlHandlerMapping [373] - Mapped URL path [/**] onto handler of type [class org.springframework.web.servlet.resource.ResourceHttpRequestHandler]
[ INFO ] [2018-09-04 11:41:14] com.github.ontio.thread.TxnHandlerThread [80] - TxnHandlerThread--1 run--------blockHeight:225380
[ INFO ] [2018-09-04 11:41:14] com.github.ontio.thread.TxnHandlerThread [93] - ####txnType:209, txnHash:e304a31e38131525bfb94b1a43f150268bd85b4477e7918ee029565e4850a1b5####
[ INFO ] [2018-09-04 11:41:14] com.github.ontio.thread.TxnHandlerThread [97] - eventObj:{"GasConsumed":10000000,"Notify":[{"States":["transfer","ARXrGPMxPBCwDifzM5AmR6gBDh1SL4bLn5","AQ8zpoHj3D9WrExg92u5i6CPBEbFFC24ig",20000000],"ContractAddress":"0200000000000000000000000000000000000000"},{"States":["transfer","ARXrGPMxPBCwDifzM5AmR6gBDh1SL4bLn5","AFmseVrdL9f9oyCzZefL9tG6UbviEH9ugK",10000000],"ContractAddress":"0200000000000000000000000000000000000000"}],"TxHash":"e304a31e38131525bfb94b1a43f150268bd85b4477e7918ee029565e4850a1b5","State":1}
[ INFO ] [2018-09-04 11:41:14] com.github.ontio.thread.TxnHandlerThread [102] - gasConsumed:0.01
[ INFO ] [2018-09-04 11:41:14] com.github.ontio.thread.TxnHandlerThread [118] - ####ContractAddress:0000000000000000000000000000000000000002####
[ INFO ] [2018-09-04 11:41:14] com.github.ontio.thread.TxnHandlerThread [210] - ####action:transfer####
[ INFO ] [2018-09-04 11:41:14] com.github.ontio.thread.TxnHandlerThread [213] - ####fromAddress:ARXrGPMxPBCwDifzM5AmR6gBDh1SL4bLn5####
[ INFO ] [2018-09-04 11:41:14] com.github.ontio.thread.TxnHandlerThread [216] - ####toAddress:AQ8zpoHj3D9WrExg92u5i6CPBEbFFC24ig####
[ INFO ] [2018-09-04 11:41:14] com.github.ontio.thread.TxnHandlerThread [220] - ####amount:20000000####
[ DEBUG] [2018-09-04 11:41:14] dao.com.github.ontio.dao.TransactionDetailMapper.insertSelective [159] - ==>  Preparing: insert into tbl_ont_txn_detail ( txnhash, txnindex, txntype, txntime, height, amount, fee, assetname, fromaddress, toaddress, description, blockindex, confirmflag, eventtype ) values ( ?, ?, ?, ?, ?, ?, ?, ?, ?, ?, ?, ?, ?, ? ) 
[ DEBUG] [2018-09-04 11:41:14] dao.com.github.ontio.dao.TransactionDetailMapper.insertSelective [159] - ==> Parameters: e304a31e38131525bfb94b1a43f150268bd85b4477e7918ee029565e4850a1b5(String), 1(Integer), 209(Integer), 1535451510(Integer), 225380(Integer), 20000000(BigDecimal), 0.01(BigDecimal), ong(String), ARXrGPMxPBCwDifzM5AmR6gBDh1SL4bLn5(String), AQ8zpoHj3D9WrExg92u5i6CPBEbFFC24ig(String), transfer(String), 1(Integer), 1(Integer), 3(Integer)
[ DEBUG] [2018-09-04 11:41:14] dao.com.github.ontio.dao.TransactionDetailMapper.insertSelective [159] - <==    Updates: 1
[ INFO ] [2018-09-04 11:41:14] com.github.ontio.OntSynRedisCache [102] - clear Redis Cache,this.id:com.github.ontio.dao.TransactionDetailMapper
[ INFO ] [2018-09-04 11:41:14] io.lettuce.core.EpollProvider [101] - Starting without optional epoll library
[ INFO ] [2018-09-04 11:41:14] io.lettuce.core.KqueueProvider [101] - Starting without optional kqueue library
[ INFO ] [2018-09-04 11:41:15] com.github.ontio.OntsynhandlerApplicationTests [59] - Started OntsynhandlerApplicationTests in 11.395 seconds (JVM running for 13.042)
[ INFO ] [2018-09-04 11:41:15] org.springframework.web.context.support.GenericWebApplicationContext [993] - Closing org.springframework.web.context.support.GenericWebApplicationContext@6d167f58: startup date [Tue Sep 04 11:41:04 CST 2018]; root of context hierarchy
[ INFO ] [2018-09-04 11:41:15] org.springframework.scheduling.concurrent.ThreadPoolTaskExecutor [208] - Shutting down ExecutorService 'taskExecutor'
[ INFO ] [2018-09-04 11:41:15] com.github.ontio.thread.TxnHandlerThread [118] - ####ContractAddress:0000000000000000000000000000000000000002####
[ INFO ] [2018-09-04 11:41:15] com.github.ontio.thread.TxnHandlerThread [210] - ####action:gasconsume####
[ INFO ] [2018-09-04 11:41:15] com.github.ontio.thread.TxnHandlerThread [213] - ####fromAddress:ARXrGPMxPBCwDifzM5AmR6gBDh1SL4bLn5####
[ INFO ] [2018-09-04 11:41:15] com.github.ontio.thread.TxnHandlerThread [216] - ####toAddress:AFmseVrdL9f9oyCzZefL9tG6UbviEH9ugK####
[ INFO ] [2018-09-04 11:41:15] com.github.ontio.thread.TxnHandlerThread [220] - ####amount:10000000####
[ DEBUG] [2018-09-04 11:41:15] dao.com.github.ontio.dao.TransactionDetailMapper.insertSelective [159] - ==>  Preparing: insert into tbl_ont_txn_detail ( txnhash, txnindex, txntype, txntime, height, amount, fee, assetname, fromaddress, toaddress, description, blockindex, confirmflag, eventtype ) values ( ?, ?, ?, ?, ?, ?, ?, ?, ?, ?, ?, ?, ?, ? ) 
[ DEBUG] [2018-09-04 11:41:15] dao.com.github.ontio.dao.TransactionDetailMapper.insertSelective [159] - ==> Parameters: e304a31e38131525bfb94b1a43f150268bd85b4477e7918ee029565e4850a1b5(String), 2(Integer), 209(Integer), 1535451510(Integer), 225380(Integer), 10000000(BigDecimal), 0.01(BigDecimal), ong(String), ARXrGPMxPBCwDifzM5AmR6gBDh1SL4bLn5(String), AFmseVrdL9f9oyCzZefL9tG6UbviEH9ugK(String), gasconsume(String), 1(Integer), 1(Integer), 1(Integer)
[ DEBUG] [2018-09-04 11:41:15] dao.com.github.ontio.dao.TransactionDetailMapper.insertSelective [159] - <==    Updates: 1
[ INFO ] [2018-09-04 11:41:15] com.github.ontio.OntSynRedisCache [102] - clear Redis Cache,this.id:com.github.ontio.dao.TransactionDetailMapper
[ INFO ] [2018-09-04 11:41:15] com.github.ontio.thread.TxnHandlerThread [84] - TxnHandlerThread--1 end-------blockHeight:225380
[ DEBUG] [2018-09-04 11:41:15] dao.com.github.ontio.dao.BlockMapper.updateNextBlockHash [159] - ==>  Preparing: update tbl_ont_block set nextblock = ? where height = ? 
[ DEBUG] [2018-09-04 11:41:15] dao.com.github.ontio.dao.BlockMapper.updateNextBlockHash [159] - ==> Parameters: e20974dfd603293d53d61eeb00436eb9cbdca41f83a4e8f0de19690445a3f44b(String), 225379(Integer)
[ DEBUG] [2018-09-04 11:41:15] dao.com.github.ontio.dao.BlockMapper.updateNextBlockHash [159] - <==    Updates: 1
[ DEBUG] [2018-09-04 11:41:15] dao.com.github.ontio.dao.BlockMapper.insert [159] - ==>  Preparing: insert into tbl_ont_block (height, hash, prevblock, nextblock, txnsroot, blocktime, consensusdata, bookkeeper, txnnum, blocksize) values (?, ?, ?, ?, ?, ?, ?, ?, ?, ?) 
[ DEBUG] [2018-09-04 11:41:15] dao.com.github.ontio.dao.BlockMapper.insert [159] - ==> Parameters: 225380(Integer), e20974dfd603293d53d61eeb00436eb9cbdca41f83a4e8f0de19690445a3f44b(String), 673b12f27e3c0dd2f1dd236e4aa9b0b1c8ecfcf3c5b55d6a5064be9efbf63d12(String), (String), e304a31e38131525bfb94b1a43f150268bd85b4477e7918ee029565e4850a1b5(String), 1535451510(Integer), 2324747381658865062(String), AMvXn7U9S3Pq7hah16Euu7wX52UHtHyqNr&ALeYCHTLVnM4G5iiHc1MGdvMQf8Wd5Tvu2&AXq1j9X5ndnwqXwSdKUPmXtqYcNqqziD35&AMvXn7U9S3Pq7hah16Euu7wX52UHtHyqNr&AL4CDqBikrj92pC3B747ZchYZAQf2fg1AC&ALNdxK654mTcMzex9nsfnBXLEfiryhpNUB(String), 1(Integer), 1282(Integer)
[ DEBUG] [2018-09-04 11:41:15] dao.com.github.ontio.dao.BlockMapper.insert [159] - <==    Updates: 1
[ DEBUG] [2018-09-04 11:41:15] dao.com.github.ontio.dao.CurrentMapper.selectTxnCount [159] - ==>  Preparing: select TxnCount, OntIdCount from tbl_ont_current 
[ DEBUG] [2018-09-04 11:41:15] dao.com.github.ontio.dao.CurrentMapper.selectTxnCount [159] - ==> Parameters: 
[ DEBUG] [2018-09-04 11:41:15] dao.com.github.ontio.dao.CurrentMapper.selectTxnCount [159] - <==      Total: 1
[ DEBUG] [2018-09-04 11:41:15] dao.com.github.ontio.dao.CurrentMapper.update [159] - ==>  Preparing: update tbl_ont_current set height = ?, txncount = ?, ontidcount = ? 
[ DEBUG] [2018-09-04 11:41:15] dao.com.github.ontio.dao.CurrentMapper.update [159] - ==> Parameters: 225380(Integer), 196(Integer), 3(Integer)
[ DEBUG] [2018-09-04 11:41:15] dao.com.github.ontio.dao.CurrentMapper.update [159] - <==    Updates: 1
[ INFO ] [2018-09-04 11:41:15] com.github.ontio.asyncService.BlockHandleService [104] - handleOneBlock end-------height:225380,txnSum:1
[ INFO ] [2018-09-04 11:41:15] com.github.ontio.OntSynRedisCache [102] - clear Redis Cache,this.id:com.github.ontio.dao.BlockMapper
[ INFO ] [2018-09-04 11:41:15] com.github.ontio.OntSynRedisCache [102] - clear Redis Cache,this.id:com.github.ontio.dao.CurrentMapper
[ INFO ] [2018-09-04 11:41:16] com.github.ontio.asyncService.BlockHandleService [73] - handleOneBlock run-------blockHeight:225381,txnSum:0
[ DEBUG] [2018-09-04 11:41:16] dao.com.github.ontio.dao.BlockMapper.updateNextBlockHash [159] - ==>  Preparing: update tbl_ont_block set nextblock = ? where height = ? 
[ DEBUG] [2018-09-04 11:41:16] dao.com.github.ontio.dao.BlockMapper.updateNextBlockHash [159] - ==> Parameters: f524cabd503c62dfe01f180d0a80161941654e9dcf27df3b3de72b199f90e904(String), 225380(Integer)
[ DEBUG] [2018-09-04 11:41:16] dao.com.github.ontio.dao.BlockMapper.updateNextBlockHash [159] - <==    Updates: 1
[ DEBUG] [2018-09-04 11:41:16] dao.com.github.ontio.dao.BlockMapper.insert [159] - ==>  Preparing: insert into tbl_ont_block (height, hash, prevblock, nextblock, txnsroot, blocktime, consensusdata, bookkeeper, txnnum, blocksize) values (?, ?, ?, ?, ?, ?, ?, ?, ?, ?) 
[ DEBUG] [2018-09-04 11:41:16] dao.com.github.ontio.dao.BlockMapper.insert [159] - ==> Parameters: 225381(Integer), f524cabd503c62dfe01f180d0a80161941654e9dcf27df3b3de72b199f90e904(String), e20974dfd603293d53d61eeb00436eb9cbdca41f83a4e8f0de19690445a3f44b(String), (String), 0000000000000000000000000000000000000000000000000000000000000000(String), 1535451540(Integer), 1354473340010215922(String), AL4CDqBikrj92pC3B747ZchYZAQf2fg1AC&AL4CDqBikrj92pC3B747ZchYZAQf2fg1AC&AMvXn7U9S3Pq7hah16Euu7wX52UHtHyqNr&ALNdxK654mTcMzex9nsfnBXLEfiryhpNUB&ALzCTun5dcZeA8numx3PMCi7X7XJkuUGV2(String), 0(Integer), 913(Integer)
[ DEBUG] [2018-09-04 11:41:16] dao.com.github.ontio.dao.BlockMapper.insert [159] - <==    Updates: 1
[ DEBUG] [2018-09-04 11:41:16] dao.com.github.ontio.dao.CurrentMapper.selectTxnCount [159] - ==>  Preparing: select TxnCount, OntIdCount from tbl_ont_current 
[ DEBUG] [2018-09-04 11:41:16] dao.com.github.ontio.dao.CurrentMapper.selectTxnCount [159] - ==> Parameters: 
[ DEBUG] [2018-09-04 11:41:16] dao.com.github.ontio.dao.CurrentMapper.selectTxnCount [159] - <==      Total: 1
[ DEBUG] [2018-09-04 11:41:16] dao.com.github.ontio.dao.CurrentMapper.update [159] - ==>  Preparing: update tbl_ont_current set height = ?, txncount = ?, ontidcount = ? 
[ DEBUG] [2018-09-04 11:41:16] dao.com.github.ontio.dao.CurrentMapper.update [159] - ==> Parameters: 225381(Integer), 196(Integer), 3(Integer)
[ DEBUG] [2018-09-04 11:41:16] dao.com.github.ontio.dao.CurrentMapper.update [159] - <==    Updates: 1
[ INFO ] [2018-09-04 11:41:16] com.github.ontio.asyncService.BlockHandleService [104] - handleOneBlock end-------height:225381,txnSum:0
[ INFO ] [2018-09-04 11:41:16] com.github.ontio.OntSynRedisCache [102] - clear Redis Cache,this.id:com.github.ontio.dao.BlockMapper
[ INFO ] [2018-09-04 11:41:16] com.github.ontio.OntSynRedisCache [102] - clear Redis Cache,this.id:com.github.ontio.dao.CurrentMapper
[ INFO ] [2018-09-04 11:41:16] com.github.ontio.asyncService.BlockHandleService [73] - handleOneBlock run-------blockHeight:225382,txnSum:0
[ DEBUG] [2018-09-04 11:41:16] dao.com.github.ontio.dao.BlockMapper.updateNextBlockHash [159] - ==>  Preparing: update tbl_ont_block set nextblock = ? where height = ? 
[ DEBUG] [2018-09-04 11:41:16] dao.com.github.ontio.dao.BlockMapper.updateNextBlockHash [159] - ==> Parameters: 1ae55dff76c23b49fce79544e385669b457f12be665c48d6eb36391c7e5ae58d(String), 225381(Integer)
[ DEBUG] [2018-09-04 11:41:16] dao.com.github.ontio.dao.BlockMapper.updateNextBlockHash [159] - <==    Updates: 1
[ DEBUG] [2018-09-04 11:41:16] dao.com.github.ontio.dao.BlockMapper.insert [159] - ==>  Preparing: insert into tbl_ont_block (height, hash, prevblock, nextblock, txnsroot, blocktime, consensusdata, bookkeeper, txnnum, blocksize) values (?, ?, ?, ?, ?, ?, ?, ?, ?, ?) 
[ DEBUG] [2018-09-04 11:41:16] dao.com.github.ontio.dao.BlockMapper.insert [159] - ==> Parameters: 225382(Integer), 1ae55dff76c23b49fce79544e385669b457f12be665c48d6eb36391c7e5ae58d(String), f524cabd503c62dfe01f180d0a80161941654e9dcf27df3b3de72b199f90e904(String), (String), 0000000000000000000000000000000000000000000000000000000000000000(String), 1535451570(Integer), 3690564473782964546(String), AL4CDqBikrj92pC3B747ZchYZAQf2fg1AC&AXq1j9X5ndnwqXwSdKUPmXtqYcNqqziD35&AMvXn7U9S3Pq7hah16Euu7wX52UHtHyqNr&AL4CDqBikrj92pC3B747ZchYZAQf2fg1AC&ALNdxK654mTcMzex9nsfnBXLEfiryhpNUB&ALeYCHTLVnM4G5iiHc1MGdvMQf8Wd5Tvu2(String), 0(Integer), 1012(Integer)
[ DEBUG] [2018-09-04 11:41:16] dao.com.github.ontio.dao.BlockMapper.insert [159] - <==    Updates: 1
[ DEBUG] [2018-09-04 11:41:16] dao.com.github.ontio.dao.CurrentMapper.selectTxnCount [159] - ==>  Preparing: select TxnCount, OntIdCount from tbl_ont_current 
[ DEBUG] [2018-09-04 11:41:16] dao.com.github.ontio.dao.CurrentMapper.selectTxnCount [159] - ==> Parameters: 
[ DEBUG] [2018-09-04 11:41:16] dao.com.github.ontio.dao.CurrentMapper.selectTxnCount [159] - <==      Total: 1
[ DEBUG] [2018-09-04 11:41:16] dao.com.github.ontio.dao.CurrentMapper.update [159] - ==>  Preparing: update tbl_ont_current set height = ?, txncount = ?, ontidcount = ? 
[ DEBUG] [2018-09-04 11:41:16] dao.com.github.ontio.dao.CurrentMapper.update [159] - ==> Parameters: 225382(Integer), 196(Integer), 3(Integer)
[ DEBUG] [2018-09-04 11:41:16] dao.com.github.ontio.dao.CurrentMapper.update [159] - <==    Updates: 1
[ INFO ] [2018-09-04 11:41:16] com.github.ontio.asyncService.BlockHandleService [104] - handleOneBlock end-------height:225382,txnSum:0
[ INFO ] [2018-09-04 11:41:16] com.github.ontio.OntSynRedisCache [102] - clear Redis Cache,this.id:com.github.ontio.dao.BlockMapper
[ INFO ] [2018-09-04 11:41:16] com.github.ontio.OntSynRedisCache [102] - clear Redis Cache,this.id:com.github.ontio.dao.CurrentMapper
[ INFO ] [2018-09-04 11:41:16] com.github.ontio.asyncService.BlockHandleService [73] - handleOneBlock run-------blockHeight:225383,txnSum:1
[ ERROR] [2018-09-04 11:41:16] com.github.ontio.OntsynhandlerApplication [38] - ###########reject thread....
[ INFO ] [2018-09-04 11:41:17] com.zaxxer.hikari.HikariDataSource [381] - HikariPool-1 - Shutdown initiated...
[ INFO ] [2018-09-04 11:41:17] com.zaxxer.hikari.HikariDataSource [383] - HikariPool-1 - Shutdown completed.
[ INFO ] [2018-09-04 14:17:25] com.github.ontio.OntsynhandlerApplicationTests [50] - Starting OntsynhandlerApplicationTests on DESKTOP-RBHC9GE with PID 220 (started by DELL in C:\WORK_ONCHAIN\ontology_projects\OntSynHandler)
[ INFO ] [2018-09-04 14:17:25] com.github.ontio.OntsynhandlerApplicationTests [663] - The following profiles are active: uat
[ INFO ] [2018-09-04 14:17:25] org.springframework.web.context.support.GenericWebApplicationContext [590] - Refreshing org.springframework.web.context.support.GenericWebApplicationContext@6d167f58: startup date [Tue Sep 04 14:17:25 CST 2018]; root of context hierarchy
[ INFO ] [2018-09-04 14:17:26] org.springframework.data.repository.config.RepositoryConfigurationDelegate [163] - Multiple Spring Data modules found, entering strict repository configuration mode!
[ INFO ] [2018-09-04 14:17:27] org.springframework.context.support.PostProcessorRegistrationDelegate$BeanPostProcessorChecker [328] - Bean 'org.springframework.ws.config.annotation.DelegatingWsConfiguration' of type [org.springframework.ws.config.annotation.DelegatingWsConfiguration$$EnhancerBySpringCGLIB$$e530a135] is not eligible for getting processed by all BeanPostProcessors (for example: not eligible for auto-proxying)
[ INFO ] [2018-09-04 14:17:27] org.springframework.ws.soap.addressing.server.AnnotationActionEndpointMapping [236] - Supporting [WS-Addressing August 2004, WS-Addressing 1.0]
[ INFO ] [2018-09-04 14:17:27] org.springframework.context.support.PostProcessorRegistrationDelegate$BeanPostProcessorChecker [328] - Bean 'org.springframework.transaction.annotation.ProxyTransactionManagementConfiguration' of type [org.springframework.transaction.annotation.ProxyTransactionManagementConfiguration$$EnhancerBySpringCGLIB$$4098dc36] is not eligible for getting processed by all BeanPostProcessors (for example: not eligible for auto-proxying)
[ INFO ] [2018-09-04 14:17:28] com.github.ontio.RedisConfig [37] - **********redisTemplate**************
[ INFO ] [2018-09-04 14:17:28] com.github.ontio.OntSynRedisCache [37] - ##init ExplorerRedisCache, Cache id:com.github.ontio.dao.BlockMapper##
[ INFO ] [2018-09-04 14:17:28] com.github.ontio.OntSynRedisCache [50] - ##get Redis Cache Id:com.github.ontio.dao.BlockMapper##
[ INFO ] [2018-09-04 14:17:28] com.github.ontio.OntSynRedisCache [50] - ##get Redis Cache Id:com.github.ontio.dao.BlockMapper##
[ INFO ] [2018-09-04 14:17:28] com.github.ontio.OntSynRedisCache [37] - ##init ExplorerRedisCache, Cache id:com.github.ontio.dao.CurrentMapper##
[ INFO ] [2018-09-04 14:17:28] com.github.ontio.OntSynRedisCache [50] - ##get Redis Cache Id:com.github.ontio.dao.CurrentMapper##
[ INFO ] [2018-09-04 14:17:28] com.github.ontio.OntSynRedisCache [50] - ##get Redis Cache Id:com.github.ontio.dao.CurrentMapper##
[ INFO ] [2018-09-04 14:17:28] com.github.ontio.OntSynRedisCache [37] - ##init ExplorerRedisCache, Cache id:com.github.ontio.dao.OntIdMapper##
[ INFO ] [2018-09-04 14:17:28] com.github.ontio.OntSynRedisCache [50] - ##get Redis Cache Id:com.github.ontio.dao.OntIdMapper##
[ INFO ] [2018-09-04 14:17:28] com.github.ontio.OntSynRedisCache [50] - ##get Redis Cache Id:com.github.ontio.dao.OntIdMapper##
[ INFO ] [2018-09-04 14:17:28] com.github.ontio.OntSynRedisCache [37] - ##init ExplorerRedisCache, Cache id:com.github.ontio.dao.TransactionDetailMapper##
[ INFO ] [2018-09-04 14:17:28] com.github.ontio.OntSynRedisCache [50] - ##get Redis Cache Id:com.github.ontio.dao.TransactionDetailMapper##
[ INFO ] [2018-09-04 14:17:28] com.github.ontio.OntSynRedisCache [50] - ##get Redis Cache Id:com.github.ontio.dao.TransactionDetailMapper##
[ INFO ] [2018-09-04 14:17:28] com.github.ontio.OntSynRedisCache [45] - ##init ExplorerRedisCache with default Cache id:defaultrediscacheid002##
[ INFO ] [2018-09-04 14:17:28] com.github.ontio.thread.BlockHandlerThread [69] - ========BlockHandlerThread.run=======
[ INFO ] [2018-09-04 14:17:28] com.github.ontio.OntsynhandlerApplication [26] - ########taskExecutor#########
[ INFO ] [2018-09-04 14:17:28] org.springframework.scheduling.concurrent.ThreadPoolTaskExecutor [171] - Initializing ExecutorService 
[ INFO ] [2018-09-04 14:17:28] org.springframework.scheduling.concurrent.ThreadPoolTaskExecutor [171] - Initializing ExecutorService  'taskExecutor'
[ INFO ] [2018-09-04 14:17:29] org.springframework.web.servlet.handler.SimpleUrlHandlerMapping [373] - Mapped URL path [/**/favicon.ico] onto handler of type [class org.springframework.web.servlet.resource.ResourceHttpRequestHandler]
[ INFO ] [2018-09-04 14:17:29] com.github.ontio.thread.BlockHandlerThread [84] - ######remote blockheight:274921
[ INFO ] [2018-09-04 14:17:29] com.zaxxer.hikari.HikariDataSource [110] - HikariPool-1 - Starting...
[ INFO ] [2018-09-04 14:17:29] org.springframework.web.servlet.mvc.method.annotation.RequestMappingHandlerAdapter [574] - Looking for @ControllerAdvice: org.springframework.web.context.support.GenericWebApplicationContext@6d167f58: startup date [Tue Sep 04 14:17:25 CST 2018]; root of context hierarchy
[ INFO ] [2018-09-04 14:17:30] org.springframework.web.servlet.mvc.method.annotation.RequestMappingHandlerMapping [547] - Mapped "{[/error]}" onto public org.springframework.http.ResponseEntity<java.util.Map<java.lang.String, java.lang.Object>> org.springframework.boot.autoconfigure.web.servlet.error.BasicErrorController.error(javax.servlet.http.HttpServletRequest)
[ INFO ] [2018-09-04 14:17:30] org.springframework.web.servlet.mvc.method.annotation.RequestMappingHandlerMapping [547] - Mapped "{[/error],produces=[text/html]}" onto public org.springframework.web.servlet.ModelAndView org.springframework.boot.autoconfigure.web.servlet.error.BasicErrorController.errorHtml(javax.servlet.http.HttpServletRequest,javax.servlet.http.HttpServletResponse)
[ INFO ] [2018-09-04 14:17:30] org.springframework.web.servlet.handler.SimpleUrlHandlerMapping [373] - Mapped URL path [/webjars/**] onto handler of type [class org.springframework.web.servlet.resource.ResourceHttpRequestHandler]
[ INFO ] [2018-09-04 14:17:30] org.springframework.web.servlet.handler.SimpleUrlHandlerMapping [373] - Mapped URL path [/**] onto handler of type [class org.springframework.web.servlet.resource.ResourceHttpRequestHandler]
[ INFO ] [2018-09-04 14:17:30] com.zaxxer.hikari.HikariDataSource [123] - HikariPool-1 - Start completed.
[ DEBUG] [2018-09-04 14:17:30] dao.com.github.ontio.dao.CurrentMapper.selectDBHeight [159] - ==>  Preparing: select Height from tbl_ont_current 
[ DEBUG] [2018-09-04 14:17:30] dao.com.github.ontio.dao.CurrentMapper.selectDBHeight [159] - ==> Parameters: 
[ DEBUG] [2018-09-04 14:17:30] dao.com.github.ontio.dao.CurrentMapper.selectDBHeight [159] - <==      Total: 1
[ INFO ] [2018-09-04 14:17:30] com.github.ontio.thread.BlockHandlerThread [87] - ######db blockheight:225382
[ DEBUG] [2018-09-04 14:17:30] dao.com.github.ontio.dao.OntIdMapper.selectCountByHeight [159] - ==>  Preparing: select count(1) from tbl_ont_ontid_detail where height = ? 
[ DEBUG] [2018-09-04 14:17:30] dao.com.github.ontio.dao.OntIdMapper.selectCountByHeight [159] - ==> Parameters: 225383(Integer)
[ DEBUG] [2018-09-04 14:17:30] dao.com.github.ontio.dao.OntIdMapper.selectCountByHeight [159] - <==      Total: 1
[ DEBUG] [2018-09-04 14:17:30] dao.com.github.ontio.dao.TransactionDetailMapper.selectCountByHeight [159] - ==>  Preparing: select count(1) from tbl_ont_txn_detail where height = ? 
[ DEBUG] [2018-09-04 14:17:30] dao.com.github.ontio.dao.TransactionDetailMapper.selectCountByHeight [159] - ==> Parameters: 225383(Integer)
[ DEBUG] [2018-09-04 14:17:30] dao.com.github.ontio.dao.TransactionDetailMapper.selectCountByHeight [159] - <==      Total: 1
[ INFO ] [2018-09-04 14:17:30] com.github.ontio.asyncService.BlockHandleService [73] - handleOneBlock run-------blockHeight:225383,txnSum:1
[ INFO ] [2018-09-04 14:17:30] com.github.ontio.thread.TxnHandlerThread [80] - TxnHandlerThread--1 run--------blockHeight:225383
[ INFO ] [2018-09-04 14:17:30] com.github.ontio.thread.TxnHandlerThread [93] - ####txnType:209, txnHash:46214f35cce197fef3fa0e7ce9b66477f84a07abe77655aae9c94081984e8fb5####
[ INFO ] [2018-09-04 14:17:31] com.github.ontio.OntsynhandlerApplicationTests [59] - Started OntsynhandlerApplicationTests in 6.783 seconds (JVM running for 8.671)
[ INFO ] [2018-09-04 14:17:31] org.springframework.web.context.support.GenericWebApplicationContext [993] - Closing org.springframework.web.context.support.GenericWebApplicationContext@6d167f58: startup date [Tue Sep 04 14:17:25 CST 2018]; root of context hierarchy
[ INFO ] [2018-09-04 14:17:31] org.springframework.scheduling.concurrent.ThreadPoolTaskExecutor [208] - Shutting down ExecutorService 'taskExecutor'
[ INFO ] [2018-09-04 14:17:31] com.zaxxer.hikari.HikariDataSource [381] - HikariPool-1 - Shutdown initiated...
[ INFO ] [2018-09-04 14:17:31] com.zaxxer.hikari.HikariDataSource [383] - HikariPool-1 - Shutdown completed.
